"../../../Engine/Content/EditorResources/S_TriggerSphere.uasset" 0
"../../../Engine/Content/EditorResources/S_TriggerSphere.uexp" 1
"../../../Engine/Content/EditorResources/S_TriggerCapsule.uasset" 2
"../../../Engine/Content/EditorResources/S_TriggerCapsule.uexp" 3
"../../../Engine/Content/EditorResources/S_TriggerBox.uasset" 4
"../../../Engine/Content/EditorResources/S_TriggerBox.uexp" 5
"../../../Engine/Content/EditorResources/S_Trigger.ubulk" 6
"../../../Engine/Content/EditorResources/S_Trigger.uasset" 7
"../../../Engine/Content/EditorResources/S_Trigger.uexp" 8
"../../../Engine/Content/EditorResources/S_Terrain.ubulk" 9
"../../../Engine/Content/EditorResources/S_Terrain.uasset" 10
"../../../Engine/Content/EditorResources/S_Terrain.uexp" 11
"../../../Engine/Content/EditorResources/S_Solver.ubulk" 12
"../../../Engine/Content/EditorResources/S_Solver.uasset" 13
"../../../Engine/Content/EditorResources/S_Solver.uexp" 14
"../../../Engine/Content/EditorResources/S_BoxReflectionCapture.uasset" 15
"../../../Engine/Content/EditorResources/S_BoxReflectionCapture.uexp" 16
"../../../Engine/Content/EditorResources/S_Actor.ubulk" 17
"../../../Engine/Content/EditorResources/S_Actor.uasset" 18
"../../../Engine/Content/EditorResources/S_Actor.uexp" 19
"../../../Engine/Content/EditorResources/EmptyActor.uasset" 20
"../../../Engine/Content/EditorResources/EmptyActor.uexp" 21
"../../../Engine/Content/EditorResources/BSPVertex.uasset" 22
"../../../Engine/Content/EditorResources/BSPVertex.uexp" 23
"../../../Engine/Content/EditorMaterials/Camera/CineMat.uasset" 24
"../../../Engine/Content/EditorMaterials/Camera/CineMat.uexp" 25
"../../../Engine/Content/EditorMaterials/Camera/MI_CineMat_Rig.uasset" 26
"../../../Engine/Content/EditorMaterials/Camera/MI_CineMat_Rig.uexp" 27
"../../../Engine/Content/EditorMeshes/Camera/SM_RailRig_Track.uasset" 28
"../../../Engine/Content/EditorMeshes/Camera/SM_RailRig_Track.uexp" 29
"../../../Engine/Content/EditorMeshes/Camera/SM_RailRig_Mount.uasset" 30
"../../../Engine/Content/EditorMeshes/Camera/SM_RailRig_Mount.uexp" 31
"../../../Engine/Content/EditorMeshes/Camera/SM_CraneRig_Mount.uasset" 32
"../../../Engine/Content/EditorMeshes/Camera/SM_CraneRig_Mount.uexp" 33
"../../../Engine/Content/EditorMeshes/Camera/SM_CraneRig_Body.uasset" 34
"../../../Engine/Content/EditorMeshes/Camera/SM_CraneRig_Body.uexp" 35
"../../../Engine/Content/EditorMeshes/Camera/SM_CraneRig_Base.uasset" 36
"../../../Engine/Content/EditorMeshes/Camera/SM_CraneRig_Base.uexp" 37
"../../../Engine/Content/EditorMeshes/Camera/SM_CraneRig_Arm.uasset" 38
"../../../Engine/Content/EditorMeshes/Camera/SM_CraneRig_Arm.uexp" 39
"../../../Engine/Content/EditorMaterials/PreviewShadowIndicator.ubulk" 40
"../../../Engine/Content/EditorMaterials/PreviewShadowIndicator.uasset" 41
"../../../Engine/Content/EditorMaterials/PreviewShadowIndicator.uexp" 42
"../../../Engine/Content/EditorMaterials/PreviewShadowIndicatorMaterial.uasset" 43
"../../../Engine/Content/EditorMaterials/PreviewShadowIndicatorMaterial.uexp" 44
"../../../Engine/Content/EditorMaterials/MAT_Groups_Visibility.uasset" 45
"../../../Engine/Content/EditorMaterials/MAT_Groups_Visibility.uexp" 46
"../../../Engine/Content/EditorMaterials/MAT_Groups_Toggle.uasset" 47
"../../../Engine/Content/EditorMaterials/MAT_Groups_Toggle.uexp" 48
"../../../Engine/Content/Functions/Engine_MaterialFunctions02/Utility/MakeFloat4.uasset" 49
"../../../Engine/Content/Functions/Engine_MaterialFunctions02/Utility/MakeFloat4.uexp" 50
"../../../Engine/Content/Functions/Engine_MaterialFunctions02/Utility/MakeFloat3.uasset" 51
"../../../Engine/Content/Functions/Engine_MaterialFunctions02/Utility/MakeFloat3.uexp" 52
"../../../Engine/Content/Functions/Engine_MaterialFunctions02/Utility/BreakOutFloat3Components.uasset" 53
"../../../Engine/Content/Functions/Engine_MaterialFunctions02/Utility/BreakOutFloat3Components.uexp" 54
"../../../Engine/Content/EditorMaterials/WorldPartition/WorldPartitionSpatialHashGridPreviewMaterial.uasset" 55
"../../../Engine/Content/EditorMaterials/WorldPartition/WorldPartitionSpatialHashGridPreviewMaterial.uexp" 56
"../../../Engine/Content/EditorMaterials/ParticleSystems/PSysThumbnail_OOD.ubulk" 57
"../../../Engine/Content/EditorMaterials/ParticleSystems/PSysThumbnail_OOD.uasset" 58
"../../../Engine/Content/EditorMaterials/ParticleSystems/PSysThumbnail_OOD.uexp" 59
"../../../Engine/Content/EditorMaterials/ParticleSystems/PSysThumbnail_NoImage.ubulk" 60
"../../../Engine/Content/EditorMaterials/ParticleSystems/PSysThumbnail_NoImage.uasset" 61
"../../../Engine/Content/EditorMaterials/ParticleSystems/PSysThumbnail_NoImage.uexp" 62
"../../../Engine/Content/EditorMaterials/MatineeGroups/MAT_Groups_Vector.uasset" 63
"../../../Engine/Content/EditorMaterials/MatineeGroups/MAT_Groups_Vector.uexp" 64
"../../../Engine/Content/EditorMaterials/MatineeGroups/MAT_Groups_Sound.uasset" 65
"../../../Engine/Content/EditorMaterials/MatineeGroups/MAT_Groups_Sound.uexp" 66
"../../../Engine/Content/EditorMaterials/MatineeGroups/MAT_Groups_Slomo.uasset" 67
"../../../Engine/Content/EditorMaterials/MatineeGroups/MAT_Groups_Slomo.uexp" 68
"../../../Engine/Content/EditorMaterials/MatineeGroups/MAT_Groups_Move.uasset" 69
"../../../Engine/Content/EditorMaterials/MatineeGroups/MAT_Groups_Move.uexp" 70
"../../../Engine/Content/EditorMaterials/MatineeGroups/MAT_Groups_Float.uasset" 71
"../../../Engine/Content/EditorMaterials/MatineeGroups/MAT_Groups_Float.uexp" 72
"../../../Engine/Content/EditorMaterials/MatineeGroups/MAT_Groups_Fade.uasset" 73
"../../../Engine/Content/EditorMaterials/MatineeGroups/MAT_Groups_Fade.uexp" 74
"../../../Engine/Content/EditorMaterials/MatineeGroups/MAT_Groups_Event.uasset" 75
"../../../Engine/Content/EditorMaterials/MatineeGroups/MAT_Groups_Event.uexp" 76
"../../../Engine/Content/EditorMaterials/MatineeGroups/MAT_Groups_Director.uasset" 77
"../../../Engine/Content/EditorMaterials/MatineeGroups/MAT_Groups_Director.uexp" 78
"../../../Engine/Content/EditorMaterials/MatineeGroups/MAT_Groups_AudioMaster.uasset" 79
"../../../Engine/Content/EditorMaterials/MatineeGroups/MAT_Groups_AudioMaster.uexp" 80
"../../../Engine/Content/EditorMaterials/MatineeGroups/MAT_Groups_Anim.uasset" 81
"../../../Engine/Content/EditorMaterials/MatineeGroups/MAT_Groups_Anim.uexp" 82
"../../../Engine/Content/EditorMaterials/MatineeGroups/MAT_ColorTrack.uasset" 83
"../../../Engine/Content/EditorMaterials/MatineeGroups/MAT_ColorTrack.uexp" 84
"../../../Engine/Content/EditorLandscapeResources/DefaultAlphaTexture.uasset" 85
"../../../Engine/Content/EditorLandscapeResources/DefaultAlphaTexture.uexp" 86
"../../../Engine/Content/EditorLandscapeResources/DataLayer.uasset" 87
"../../../Engine/Content/EditorLandscapeResources/DataLayer.uexp" 88
"../../../Engine/Content/EngineMaterials/T_Default_Material_Grid_M.ubulk" 89
"../../../Engine/Content/EngineMaterials/T_Default_Material_Grid_M.uasset" 90
"../../../Engine/Content/EngineMaterials/T_Default_Material_Grid_M.uexp" 91
"../../../Engine/Content/EngineMaterials/T_Default_Material_Grid_N.ubulk" 92
"../../../Engine/Content/EngineMaterials/T_Default_Material_Grid_N.uasset" 93
"../../../Engine/Content/EngineMaterials/T_Default_Material_Grid_N.uexp" 94
"../../../Engine/Content/Functions/Engine_MaterialFunctions01/Opacity/CameraDepthFade.uasset" 95
"../../../Engine/Content/Functions/Engine_MaterialFunctions01/Opacity/CameraDepthFade.uexp" 96
"../../../Engine/Content/EngineMaterials/DefaultMaterial.uasset" 97
"../../../Engine/Content/EngineMaterials/DefaultMaterial.uexp" 98
"../../../Engine/Content/BasicShapes/Sphere.uasset" 99
"../../../Engine/Content/BasicShapes/Sphere.uexp" 100
"../../../Engine/Content/EngineMaterials/WorldGridMaterial.uasset" 101
"../../../Engine/Content/EngineMaterials/WorldGridMaterial.uexp" 102
"../../../Engine/Content/BasicShapes/Plane.uasset" 103
"../../../Engine/Content/BasicShapes/Plane.uexp" 104
"../../../Engine/Content/BasicShapes/Cylinder.uasset" 105
"../../../Engine/Content/BasicShapes/Cylinder.uexp" 106
"../../../Engine/Content/BasicShapes/Cube.uasset" 107
"../../../Engine/Content/BasicShapes/Cube.uexp" 108
"../../../Engine/Content/BasicShapes/Cone.uasset" 109
"../../../Engine/Content/BasicShapes/Cone.uexp" 110
"../../../Engine/Content/ArtTools/RenderToTexture/Meshes/S_1_Unit_Plane.uasset" 111
"../../../Engine/Content/ArtTools/RenderToTexture/Meshes/S_1_Unit_Plane.uexp" 112
"../../../Engine/Content/EditorResources/SequenceRecorder/RecordingIndicator.uasset" 113
"../../../Engine/Content/EditorResources/SequenceRecorder/RecordingIndicator.uexp" 114
"../../../Engine/Content/EditorResources/SequenceRecorder/Countdown.uasset" 115
"../../../Engine/Content/EditorResources/SequenceRecorder/Countdown.uexp" 116
"../../../Engine/Content/EngineDamageTypes/DmgTypeBP_Environmental.uasset" 117
"../../../Engine/Content/EngineDamageTypes/DmgTypeBP_Environmental.uexp" 118
"../../../Engine/Content/Functions/Engine_MaterialFunctions02/Utility/CameraDirectionVector.uasset" 119
"../../../Engine/Content/Functions/Engine_MaterialFunctions02/Utility/CameraDirectionVector.uexp" 120
"../../../Engine/Content/EngineDebugMaterials/VolumeToRender.uasset" 121
"../../../Engine/Content/EngineDebugMaterials/VolumeToRender.uexp" 122
"../../../Engine/Content/EngineDebugMaterials/M_VolumeRenderSphereTracePP.uasset" 123
"../../../Engine/Content/EngineDebugMaterials/M_VolumeRenderSphereTracePP.uexp" 124
"../../../Engine/Content/EngineDebugMaterials/M_SimpleUnlitTranslucent.uasset" 125
"../../../Engine/Content/EngineDebugMaterials/M_SimpleUnlitTranslucent.uexp" 126
"../../../Engine/Content/EngineDebugMaterials/DebugMeshMaterial.uasset" 127
"../../../Engine/Content/EngineDebugMaterials/DebugMeshMaterial.uexp" 128
"../../../Engine/Content/EngineDebugMaterials/DebugEditorMaterial.uasset" 129
"../../../Engine/Content/EngineDebugMaterials/DebugEditorMaterial.uexp" 130
"../../../Engine/Content/EngineFonts/Faces/RobotoLight.uexp" 131
"../../../Engine/Content/EngineFonts/Faces/RobotoLight.uasset" 132
"../../../Engine/Content/EngineFonts/Faces/RobotoLight.ufont" 133
"../../../Engine/Content/EngineFonts/Faces/RobotoBold.uexp" 134
"../../../Engine/Content/EngineFonts/Faces/RobotoBold.uasset" 135
"../../../Engine/Content/EngineFonts/Faces/RobotoBold.ufont" 136
"../../../Engine/Content/EngineFonts/Faces/RobotoRegular.uexp" 137
"../../../Engine/Content/EngineFonts/Faces/RobotoRegular.uasset" 138
"../../../Engine/Content/EngineFonts/Faces/RobotoRegular.ufont" 139
"../../../Engine/Content/EngineFonts/Faces/DroidSansFallback.uexp" 140
"../../../Engine/Content/EngineFonts/Faces/DroidSansFallback.uasset" 141
"../../../Engine/Content/EngineFonts/Faces/DroidSansFallback.ufont" 142
"../../../Engine/Content/EngineFonts/Faces/RobotoItalic.uexp" 143
"../../../Engine/Content/EngineFonts/Faces/RobotoItalic.uasset" 144
"../../../Engine/Content/EngineFonts/Faces/RobotoItalic.ufont" 145
"../../../Engine/Content/EngineFonts/Faces/RobotoBoldItalic.uexp" 146
"../../../Engine/Content/EngineFonts/Faces/RobotoBoldItalic.uasset" 147
"../../../Engine/Content/EngineFonts/Faces/RobotoBoldItalic.ufont" 148
"../../../Engine/Content/EngineFonts/Roboto.uasset" 149
"../../../Engine/Content/EngineFonts/Roboto.uexp" 150
"../../../Engine/Content/EngineResources/WhiteSquareTexture.uasset" 151
"../../../Engine/Content/EngineResources/WhiteSquareTexture.uexp" 152
"../../../Engine/Content/EngineMaterials/Widget3DPassThrough.uasset" 153
"../../../Engine/Content/EngineMaterials/Widget3DPassThrough.uexp" 154
"../../../Engine/Content/EngineMaterials/Widget3DPassThrough_Translucent.uasset" 155
"../../../Engine/Content/EngineMaterials/Widget3DPassThrough_Translucent.uexp" 156
"../../../Engine/Content/EngineMaterials/Widget3DPassThrough_Translucent_OneSided.uasset" 157
"../../../Engine/Content/EngineMaterials/Widget3DPassThrough_Translucent_OneSided.uexp" 158
"../../../Engine/Content/EngineMaterials/Widget3DPassThrough_Opaque.uasset" 159
"../../../Engine/Content/EngineMaterials/Widget3DPassThrough_Opaque.uexp" 160
"../../../Engine/Content/EngineMaterials/Widget3DPassThrough_Opaque_OneSided.uasset" 161
"../../../Engine/Content/EngineMaterials/Widget3DPassThrough_Opaque_OneSided.uexp" 162
"../../../Engine/Content/EngineMaterials/Widget3DPassThrough_Masked_OneSided.uasset" 163
"../../../Engine/Content/EngineMaterials/Widget3DPassThrough_Masked_OneSided.uexp" 164
"../../../Engine/Content/EngineMaterials/Widget3DPassThrough_Masked.uasset" 165
"../../../Engine/Content/EngineMaterials/Widget3DPassThrough_Masked.uexp" 166
"../../../Engine/Content/EngineMaterials/WeightMapPlaceholderTexture.uasset" 167
"../../../Engine/Content/EngineMaterials/WeightMapPlaceholderTexture.uexp" 168
"../../../Engine/Content/EngineMaterials/RemoveSurfaceMaterial.uasset" 169
"../../../Engine/Content/EngineMaterials/RemoveSurfaceMaterial.uexp" 170
"../../../Engine/Content/EngineMaterials/PreintegratedSkinBRDF.uasset" 171
"../../../Engine/Content/EngineMaterials/PreintegratedSkinBRDF.uexp" 172
"../../../Engine/Content/EngineMaterials/DefaultCalibrationGrayscale.uasset" 173
"../../../Engine/Content/EngineMaterials/DefaultCalibrationGrayscale.uexp" 174
"../../../Engine/Content/EngineMaterials/PPM_DefaultCalibrationGrayscale.uasset" 175
"../../../Engine/Content/EngineMaterials/PPM_DefaultCalibrationGrayscale.uexp" 176
"../../../Engine/Content/EngineMaterials/DefaultCalibrationColor.uasset" 177
"../../../Engine/Content/EngineMaterials/DefaultCalibrationColor.uexp" 178
"../../../Engine/Content/EngineMaterials/PPM_DefaultCalibrationColor.uasset" 179
"../../../Engine/Content/EngineMaterials/PPM_DefaultCalibrationColor.uexp" 180
"../../../Engine/Content/Functions/Engine_MaterialFunctions02/WorldPositionOffset/CameraOffset.uasset" 181
"../../../Engine/Content/Functions/Engine_MaterialFunctions02/WorldPositionOffset/CameraOffset.uexp" 182
"../../../Engine/Content/EngineMaterials/PhAT_JointLimitMaterial.uasset" 183
"../../../Engine/Content/EngineMaterials/PhAT_JointLimitMaterial.uexp" 184
"../../../Engine/Content/EngineMaterials/InvalidLightmapSettings.ubulk" 185
"../../../Engine/Content/EngineMaterials/InvalidLightmapSettings.uasset" 186
"../../../Engine/Content/EngineMaterials/InvalidLightmapSettings.uexp" 187
"../../../Engine/Content/EngineMaterials/M_InvalidLightmapSettings.uasset" 188
"../../../Engine/Content/EngineMaterials/M_InvalidLightmapSettings.uexp" 189
"../../../Engine/Content/EngineMaterials/MiniFont.uasset" 190
"../../../Engine/Content/EngineMaterials/MiniFont.uexp" 191
"../../../Engine/Content/EngineMaterials/Good64x64TilingNoiseHighFreq.uasset" 192
"../../../Engine/Content/EngineMaterials/Good64x64TilingNoiseHighFreq.uexp" 193
"../../../Engine/Content/EngineMaterials/GizmoMaterial.uasset" 194
"../../../Engine/Content/EngineMaterials/GizmoMaterial.uexp" 195
"../../../Engine/Content/EngineMaterials/BaseFlattenEmissiveMap_VT.uasset" 196
"../../../Engine/Content/EngineMaterials/BaseFlattenEmissiveMap_VT.uexp" 197
"../../../Engine/Content/EngineMaterials/BaseFlattenGrayscaleMap_VT.uasset" 198
"../../../Engine/Content/EngineMaterials/BaseFlattenGrayscaleMap_VT.uexp" 199
"../../../Engine/Content/EngineMaterials/BaseFlattenLinearColor_VT.uasset" 200
"../../../Engine/Content/EngineMaterials/BaseFlattenLinearColor_VT.uexp" 201
"../../../Engine/Content/EngineMaterials/Black_1x1_EXR_Texture_VT.uasset" 202
"../../../Engine/Content/EngineMaterials/Black_1x1_EXR_Texture_VT.uexp" 203
"../../../Engine/Content/EngineMaterials/BaseFlattenDiffuseMap_VT.uasset" 204
"../../../Engine/Content/EngineMaterials/BaseFlattenDiffuseMap_VT.uexp" 205
"../../../Engine/Content/EngineMaterials/BaseFlattenNormalMap_VT.uasset" 206
"../../../Engine/Content/EngineMaterials/BaseFlattenNormalMap_VT.uexp" 207
"../../../Engine/Content/EngineMaterials/FlattenMaterial_WS_Normal_VT.uasset" 208
"../../../Engine/Content/EngineMaterials/FlattenMaterial_WS_Normal_VT.uexp" 209
"../../../Engine/Content/EngineMaterials/FlattenMaterial_VT.uasset" 210
"../../../Engine/Content/EngineMaterials/FlattenMaterial_VT.uexp" 211
"../../../Engine/Content/EngineMaterials/BaseFlattenNormalMap.uasset" 212
"../../../Engine/Content/EngineMaterials/BaseFlattenNormalMap.uexp" 213
"../../../Engine/Content/EngineMaterials/BaseFlattenGrayscaleMap.uasset" 214
"../../../Engine/Content/EngineMaterials/BaseFlattenGrayscaleMap.uexp" 215
"../../../Engine/Content/EngineMaterials/BaseFlattenDiffuseMap.uasset" 216
"../../../Engine/Content/EngineMaterials/BaseFlattenDiffuseMap.uexp" 217
"../../../Engine/Content/Functions/Engine_MaterialFunctions02/PivotPainter2/Black_1x1_EXR_Texture.uasset" 218
"../../../Engine/Content/Functions/Engine_MaterialFunctions02/PivotPainter2/Black_1x1_EXR_Texture.uexp" 219
"../../../Engine/Content/EngineMaterials/BaseFlattenEmissiveMap.uasset" 220
"../../../Engine/Content/EngineMaterials/BaseFlattenEmissiveMap.uexp" 221
"../../../Engine/Content/EngineMaterials/BaseFlattenLinearColor.uasset" 222
"../../../Engine/Content/EngineMaterials/BaseFlattenLinearColor.uexp" 223
"../../../Engine/Content/EngineMaterials/FlattenMaterial.uasset" 224
"../../../Engine/Content/EngineMaterials/FlattenMaterial.uexp" 225
"../../../Engine/Content/EngineMaterials/DefaultWhiteGrid_Low.uasset" 226
"../../../Engine/Content/EngineMaterials/DefaultWhiteGrid_Low.uexp" 227
"../../../Engine/Content/EngineMaterials/EmissiveMeshMaterial.uasset" 228
"../../../Engine/Content/EngineMaterials/EmissiveMeshMaterial.uexp" 229
"../../../Engine/Content/EngineMaterials/DefaultWhiteGrid.ubulk" 230
"../../../Engine/Content/EngineMaterials/DefaultWhiteGrid.uasset" 231
"../../../Engine/Content/EngineMaterials/DefaultWhiteGrid.uexp" 232
"../../../Engine/Content/EngineFonts/RobotoDistanceField.uasset" 233
"../../../Engine/Content/EngineFonts/RobotoDistanceField.uexp" 234
"../../../Engine/Content/EngineMaterials/DefaultTextMaterialOpaque.uasset" 235
"../../../Engine/Content/EngineMaterials/DefaultTextMaterialOpaque.uexp" 236
"../../../Engine/Content/EngineMaterials/DefaultDiffuse.ubulk" 237
"../../../Engine/Content/EngineMaterials/DefaultDiffuse.uasset" 238
"../../../Engine/Content/EngineMaterials/DefaultDiffuse.uexp" 239
"../../../Engine/Content/Functions/Engine_MaterialFunctions02/Utility/BreakOutFloat2Components.uasset" 240
"../../../Engine/Content/Functions/Engine_MaterialFunctions02/Utility/BreakOutFloat2Components.uexp" 241
"../../../Engine/Content/EngineMaterials/DefaultPostProcessMaterial.uasset" 242
"../../../Engine/Content/EngineMaterials/DefaultPostProcessMaterial.uexp" 243
"../../../Engine/Content/EngineMaterials/DefaultLightFunctionMaterial.uasset" 244
"../../../Engine/Content/EngineMaterials/DefaultLightFunctionMaterial.uexp" 245
"../../../Engine/Content/EngineMaterials/DefaultDestructiblePhysicalMaterial.uasset" 246
"../../../Engine/Content/EngineMaterials/DefaultDestructiblePhysicalMaterial.uexp" 247
"../../../Engine/Content/EngineMaterials/DefaultDeferredDecalMaterial.uasset" 248
"../../../Engine/Content/EngineMaterials/DefaultDeferredDecalMaterial.uexp" 249
"../../../Engine/Content/EngineMaterials/DefaultBokeh.uasset" 250
"../../../Engine/Content/EngineMaterials/DefaultBokeh.uexp" 251
"../../../Engine/Content/EngineMaterials/DefaultBloomKernel.uasset" 252
"../../../Engine/Content/EngineMaterials/DefaultBloomKernel.uexp" 253
"../../../Engine/Content/EngineMaterials/BlueNoise.uasset" 254
"../../../Engine/Content/EngineMaterials/BlueNoise.uexp" 255
"../../../Engine/Content/EngineMeshes/Sphere.uasset" 256
"../../../Engine/Content/EngineMeshes/Sphere.uexp" 257
"../../../Engine/Content/EngineResources/GradientTexture0.uasset" 258
"../../../Engine/Content/EngineResources/GradientTexture0.uexp" 259
"../../../Engine/Content/EngineResources/DefaultVolumeTexture2D.uasset" 260
"../../../Engine/Content/EngineResources/DefaultVolumeTexture2D.uexp" 261
"../../../Engine/Content/EngineResources/DefaultVolumeTexture.uasset" 262
"../../../Engine/Content/EngineResources/DefaultVolumeTexture.uexp" 263
"../../../Engine/Content/EngineResources/DefaultTextureCube.uasset" 264
"../../../Engine/Content/EngineResources/DefaultTextureCube.uexp" 265
"../../../Engine/Content/EngineResources/DefaultTexture.ubulk" 266
"../../../Engine/Content/EngineResources/DefaultTexture.uasset" 267
"../../../Engine/Content/EngineResources/DefaultTexture.uexp" 268
"../../../Engine/Content/EngineResources/Black.uasset" 269
"../../../Engine/Content/EngineResources/Black.uexp" 270
"../../../Engine/Content/EngineResources/FilmGrains/Marcie_Grain_v3_128_M2_000.uasset" 271
"../../../Engine/Content/EngineResources/FilmGrains/Marcie_Grain_v3_128_M2_000.uexp" 272
"../../../Engine/Content/EngineSky/VolumetricClouds/CloudWeatherTexture.uasset" 273
"../../../Engine/Content/EngineSky/VolumetricClouds/CloudWeatherTexture.uexp" 274
"../../../Engine/Content/Functions/Engine_MaterialFunctions02/Utility/MakeFloat2.uasset" 275
"../../../Engine/Content/Functions/Engine_MaterialFunctions02/Utility/MakeFloat2.uexp" 276
"../../../Engine/Content/EngineSky/VolumetricClouds/CloudGradientTexture.uasset" 277
"../../../Engine/Content/EngineSky/VolumetricClouds/CloudGradientTexture.uexp" 278
"../../../Engine/Content/EngineSky/VolumetricClouds/T_NoiseShape64.ubulk" 279
"../../../Engine/Content/EngineSky/VolumetricClouds/T_NoiseShape64.uasset" 280
"../../../Engine/Content/EngineSky/VolumetricClouds/T_NoiseShape64.uexp" 281
"../../../Engine/Content/EngineSky/VolumetricClouds/T_VolumeNoiseShape64.uasset" 282
"../../../Engine/Content/EngineSky/VolumetricClouds/T_VolumeNoiseShape64.uexp" 283
"../../../Engine/Content/EngineSky/VolumetricClouds/T_NoiseErosion.ubulk" 284
"../../../Engine/Content/EngineSky/VolumetricClouds/T_NoiseErosion.uasset" 285
"../../../Engine/Content/EngineSky/VolumetricClouds/T_NoiseErosion.uexp" 286
"../../../Engine/Content/EngineSky/VolumetricClouds/T_VolumeNoiseErosion32.uasset" 287
"../../../Engine/Content/EngineSky/VolumetricClouds/T_VolumeNoiseErosion32.uexp" 288
"../../../Engine/Content/EngineSky/VolumetricClouds/m_SimpleVolumetricCloud.uasset" 289
"../../../Engine/Content/EngineSky/VolumetricClouds/m_SimpleVolumetricCloud.uexp" 290
"../../../Engine/Content/EngineSky/VolumetricClouds/m_SimpleVolumetricCloud_Inst.uasset" 291
"../../../Engine/Content/EngineSky/VolumetricClouds/m_SimpleVolumetricCloud_Inst.uexp" 292
"../../../Engine/Content/EngineSounds/Master.uasset" 293
"../../../Engine/Content/EngineSounds/Master.uexp" 294
"../../../Engine/Content/Functions/Engine_MaterialFunctions01/Shading/PowerToRoughness.uasset" 295
"../../../Engine/Content/Functions/Engine_MaterialFunctions01/Shading/PowerToRoughness.uexp" 296
"../../../Engine/Content/Functions/Engine_MaterialFunctions01/Shading/ConvertFromDiffSpec.uasset" 297
"../../../Engine/Content/Functions/Engine_MaterialFunctions01/Shading/ConvertFromDiffSpec.uexp" 298
"../../../Engine/Content/MobileResources/HUD/VirtualJoystick_Background.uasset" 299
"../../../Engine/Content/MobileResources/HUD/VirtualJoystick_Background.uexp" 300
"../../../Engine/Content/MobileResources/HUD/VirtualJoystick_Thumb.uasset" 301
"../../../Engine/Content/MobileResources/HUD/VirtualJoystick_Thumb.uexp" 302
"../../../Engine/Content/MobileResources/HUD/DefaultVirtualJoysticks.uasset" 303
"../../../Engine/Content/MobileResources/HUD/DefaultVirtualJoysticks.uexp" 304
"../../../Engine/Content/Tutorial/ContentIntroCurve.uasset" 305
"../../../Engine/Content/Tutorial/ContentIntroCurve.uexp" 306
"../../../Engine/Content/VREditor/TransformGizmo/Main.uasset" 307
"../../../Engine/Content/VREditor/TransformGizmo/Main.uexp" 308
"../../../Engine/Content/VREditor/TransformGizmo/Xray.uasset" 309
"../../../Engine/Content/VREditor/TransformGizmo/Xray.uexp" 310
"../../../Engine/Content/VREditor/TransformGizmo/SM_Sequencer_Node.uasset" 311
"../../../Engine/Content/VREditor/TransformGizmo/SM_Sequencer_Node.uexp" 312
"../../../Engine/Content/VREditor/LaserPointer/VR_LaserPower_01.ubulk" 313
"../../../Engine/Content/VREditor/LaserPointer/VR_LaserPower_01.uasset" 314
"../../../Engine/Content/VREditor/LaserPointer/VR_LaserPower_01.uexp" 315
"../../../Engine/Content/VREditor/TransformGizmo/TransformGizmoMaterial.uasset" 316
"../../../Engine/Content/VREditor/TransformGizmo/TransformGizmoMaterial.uexp" 317
"../../../Engine/Content/VREditor/TransformGizmo/TranslucentTransformGizmoMaterial.uasset" 318
"../../../Engine/Content/VREditor/TransformGizmo/TranslucentTransformGizmoMaterial.uexp" 319
"../../../Engine/Content/VREditor/TransformGizmo/PlaneTranslationHandle.uasset" 320
"../../../Engine/Content/VREditor/TransformGizmo/PlaneTranslationHandle.uexp" 321
"../../../Engine/Content/VREditor/TransformGizmo/BoundingBoxEdge.uasset" 322
"../../../Engine/Content/VREditor/TransformGizmo/BoundingBoxEdge.uexp" 323
"../../../Engine/Content/VREditor/TransformGizmo/BoundingBoxCorner.uasset" 324
"../../../Engine/Content/VREditor/TransformGizmo/BoundingBoxCorner.uexp" 325
"../../../Engine/Plugins/2D/Paper2D/Content/PlaceholderTextures/DummySpriteTexture.ubulk" 326
"../../../Engine/Plugins/2D/Paper2D/Content/PlaceholderTextures/DummySpriteTexture.uasset" 327
"../../../Engine/Plugins/2D/Paper2D/Content/PlaceholderTextures/DummySpriteTexture.uexp" 328
"../../../Engine/Plugins/2D/Paper2D/Content/DefaultSpriteMaterial.uasset" 329
"../../../Engine/Plugins/2D/Paper2D/Content/DefaultSpriteMaterial.uexp" 330
"../../../Engine/Plugins/2D/Paper2D/Content/OpaqueUnlitSpriteMaterial.uasset" 331
"../../../Engine/Plugins/2D/Paper2D/Content/OpaqueUnlitSpriteMaterial.uexp" 332
"../../../Engine/Plugins/2D/Paper2D/Content/MaskedUnlitSpriteMaterial.uasset" 333
"../../../Engine/Plugins/2D/Paper2D/Content/MaskedUnlitSpriteMaterial.uexp" 334
"../../../Engine/Plugins/2D/Paper2D/Content/DummySprite.uasset" 335
"../../../Engine/Plugins/2D/Paper2D/Content/DummySprite.uexp" 336
"../../../Engine/Plugins/2D/Paper2D/Content/DefaultPaperTerrainMaterial.uasset" 337
"../../../Engine/Plugins/2D/Paper2D/Content/DefaultPaperTerrainMaterial.uexp" 338
"../../../Engine/Plugins/Animation/ControlRig/Content/M_Manip.uasset" 339
"../../../Engine/Plugins/Animation/ControlRig/Content/M_Manip.uexp" 340
"../../../Engine/Plugins/Animation/ControlRig/Content/Controls/DefaultGizmoLibraryNormalized.uasset" 341
"../../../Engine/Plugins/Animation/ControlRig/Content/Controls/DefaultGizmoLibraryNormalized.uexp" 342
"../../../Engine/Plugins/Animation/ControlRig/Content/Controls/ControlRig_Wedge_solid.uasset" 343
"../../../Engine/Plugins/Animation/ControlRig/Content/Controls/ControlRig_Wedge_solid.uexp" 344
"../../../Engine/Plugins/Animation/ControlRig/Content/Controls/ControlRig_Wedge_3mm.uasset" 345
"../../../Engine/Plugins/Animation/ControlRig/Content/Controls/ControlRig_Wedge_3mm.uexp" 346
"../../../Engine/Plugins/Animation/ControlRig/Content/Controls/ControlRig_Wedge_1mm.uasset" 347
"../../../Engine/Plugins/Animation/ControlRig/Content/Controls/ControlRig_Wedge_1mm.uexp" 348
"../../../Engine/Plugins/Animation/ControlRig/Content/Controls/ControlRig_Triangle_solid.uasset" 349
"../../../Engine/Plugins/Animation/ControlRig/Content/Controls/ControlRig_Triangle_solid.uexp" 350
"../../../Engine/Plugins/Animation/ControlRig/Content/Controls/ControlRig_Triangle_3mm.uasset" 351
"../../../Engine/Plugins/Animation/ControlRig/Content/Controls/ControlRig_Triangle_3mm.uexp" 352
"../../../Engine/Plugins/Animation/ControlRig/Content/Controls/ControlRig_Triangle_1mm.uasset" 353
"../../../Engine/Plugins/Animation/ControlRig/Content/Controls/ControlRig_Triangle_1mm.uexp" 354
"../../../Engine/Plugins/Animation/ControlRig/Content/Controls/ControlRig_Star4_solid.uasset" 355
"../../../Engine/Plugins/Animation/ControlRig/Content/Controls/ControlRig_Star4_solid.uexp" 356
"../../../Engine/Plugins/Animation/ControlRig/Content/Controls/ControlRig_Star4_3mm.uasset" 357
"../../../Engine/Plugins/Animation/ControlRig/Content/Controls/ControlRig_Star4_3mm.uexp" 358
"../../../Engine/Plugins/Animation/ControlRig/Content/Controls/ControlRig_Star4_1mm.uasset" 359
"../../../Engine/Plugins/Animation/ControlRig/Content/Controls/ControlRig_Star4_1mm.uexp" 360
"../../../Engine/Plugins/Animation/ControlRig/Content/Controls/ControlRig_Square_solid.uasset" 361
"../../../Engine/Plugins/Animation/ControlRig/Content/Controls/ControlRig_Square_solid.uexp" 362
"../../../Engine/Plugins/Animation/ControlRig/Content/Controls/ControlRig_Square_3mm.uasset" 363
"../../../Engine/Plugins/Animation/ControlRig/Content/Controls/ControlRig_Square_3mm.uexp" 364
"../../../Engine/Plugins/Animation/ControlRig/Content/Controls/ControlRig_Square_1mm.uasset" 365
"../../../Engine/Plugins/Animation/ControlRig/Content/Controls/ControlRig_Square_1mm.uexp" 366
"../../../Engine/Plugins/Animation/ControlRig/Content/Controls/ControlRig_Sphere_solid.uasset" 367
"../../../Engine/Plugins/Animation/ControlRig/Content/Controls/ControlRig_Sphere_solid.uexp" 368
"../../../Engine/Plugins/Animation/ControlRig/Content/Controls/ControlRig_Sphere_3mm.uasset" 369
"../../../Engine/Plugins/Animation/ControlRig/Content/Controls/ControlRig_Sphere_3mm.uexp" 370
"../../../Engine/Plugins/Animation/ControlRig/Content/Controls/ControlRig_Sphere_1mm.uasset" 371
"../../../Engine/Plugins/Animation/ControlRig/Content/Controls/ControlRig_Sphere_1mm.uexp" 372
"../../../Engine/Plugins/Animation/ControlRig/Content/Controls/ControlRig_RoundedTriangle_solid.uasset" 373
"../../../Engine/Plugins/Animation/ControlRig/Content/Controls/ControlRig_RoundedTriangle_solid.uexp" 374
"../../../Engine/Plugins/Animation/ControlRig/Content/Controls/ControlRig_RoundedTriangle_3mm.uasset" 375
"../../../Engine/Plugins/Animation/ControlRig/Content/Controls/ControlRig_RoundedTriangle_3mm.uexp" 376
"../../../Engine/Plugins/Animation/ControlRig/Content/Controls/ControlRig_RoundedTriangle_1mm.uasset" 377
"../../../Engine/Plugins/Animation/ControlRig/Content/Controls/ControlRig_RoundedTriangle_1mm.uexp" 378
"../../../Engine/Plugins/Animation/ControlRig/Content/Controls/ControlRig_RoundedSquare_solid.uasset" 379
"../../../Engine/Plugins/Animation/ControlRig/Content/Controls/ControlRig_RoundedSquare_solid.uexp" 380
"../../../Engine/Plugins/Animation/ControlRig/Content/Controls/ControlRig_RoundedSquare_3mm.uasset" 381
"../../../Engine/Plugins/Animation/ControlRig/Content/Controls/ControlRig_RoundedSquare_3mm.uexp" 382
"../../../Engine/Plugins/Animation/ControlRig/Content/Controls/ControlRig_RoundedSquare_1mm.uasset" 383
"../../../Engine/Plugins/Animation/ControlRig/Content/Controls/ControlRig_RoundedSquare_1mm.uexp" 384
"../../../Engine/Plugins/Animation/ControlRig/Content/Controls/ControlRig_QuarterCircle_solid.uasset" 385
"../../../Engine/Plugins/Animation/ControlRig/Content/Controls/ControlRig_QuarterCircle_solid.uexp" 386
"../../../Engine/Plugins/Animation/ControlRig/Content/Controls/ControlRig_QuarterCircle_3mm.uasset" 387
"../../../Engine/Plugins/Animation/ControlRig/Content/Controls/ControlRig_QuarterCircle_3mm.uexp" 388
"../../../Engine/Plugins/Animation/ControlRig/Content/Controls/ControlRig_QuarterCircle_1mm.uasset" 389
"../../../Engine/Plugins/Animation/ControlRig/Content/Controls/ControlRig_QuarterCircle_1mm.uexp" 390
"../../../Engine/Plugins/Animation/ControlRig/Content/Controls/ControlRig_Pyramid_solid.uasset" 391
"../../../Engine/Plugins/Animation/ControlRig/Content/Controls/ControlRig_Pyramid_solid.uexp" 392
"../../../Engine/Plugins/Animation/ControlRig/Content/Controls/ControlRig_Pyramid_3mm.uasset" 393
"../../../Engine/Plugins/Animation/ControlRig/Content/Controls/ControlRig_Pyramid_3mm.uexp" 394
"../../../Engine/Plugins/Animation/ControlRig/Content/Controls/ControlRig_Pyramid_1mm.uasset" 395
"../../../Engine/Plugins/Animation/ControlRig/Content/Controls/ControlRig_Pyramid_1mm.uexp" 396
"../../../Engine/Plugins/Animation/ControlRig/Content/Controls/ControlRig_Octagon_solid.uasset" 397
"../../../Engine/Plugins/Animation/ControlRig/Content/Controls/ControlRig_Octagon_solid.uexp" 398
"../../../Engine/Plugins/Animation/ControlRig/Content/Controls/ControlRig_Octagon_3mm.uasset" 399
"../../../Engine/Plugins/Animation/ControlRig/Content/Controls/ControlRig_Octagon_3mm.uexp" 400
"../../../Engine/Plugins/Animation/ControlRig/Content/Controls/ControlRig_Octagon_1mm.uasset" 401
"../../../Engine/Plugins/Animation/ControlRig/Content/Controls/ControlRig_Octagon_1mm.uexp" 402
"../../../Engine/Plugins/Animation/ControlRig/Content/Controls/ControlRig_Hexagon_solid.uasset" 403
"../../../Engine/Plugins/Animation/ControlRig/Content/Controls/ControlRig_Hexagon_solid.uexp" 404
"../../../Engine/Plugins/Animation/ControlRig/Content/Controls/ControlRig_Hexagon_3mm.uasset" 405
"../../../Engine/Plugins/Animation/ControlRig/Content/Controls/ControlRig_Hexagon_3mm.uexp" 406
"../../../Engine/Plugins/Animation/ControlRig/Content/Controls/ControlRig_Hexagon_1mm.uasset" 407
"../../../Engine/Plugins/Animation/ControlRig/Content/Controls/ControlRig_Hexagon_1mm.uexp" 408
"../../../Engine/Plugins/Animation/ControlRig/Content/Controls/ControlRig_HalfCircle_solid.uasset" 409
"../../../Engine/Plugins/Animation/ControlRig/Content/Controls/ControlRig_HalfCircle_solid.uexp" 410
"../../../Engine/Plugins/Animation/ControlRig/Content/Controls/ControlRig_HalfCircle_3mm.uasset" 411
"../../../Engine/Plugins/Animation/ControlRig/Content/Controls/ControlRig_HalfCircle_3mm.uexp" 412
"../../../Engine/Plugins/Animation/ControlRig/Content/Controls/ControlRig_HalfCircle_1mm.uasset" 413
"../../../Engine/Plugins/Animation/ControlRig/Content/Controls/ControlRig_HalfCircle_1mm.uexp" 414
"../../../Engine/Plugins/Animation/ControlRig/Content/Controls/ControlRig_Diamond_solid.uasset" 415
"../../../Engine/Plugins/Animation/ControlRig/Content/Controls/ControlRig_Diamond_solid.uexp" 416
"../../../Engine/Plugins/Animation/ControlRig/Content/Controls/ControlRig_Diamond_3mm.uasset" 417
"../../../Engine/Plugins/Animation/ControlRig/Content/Controls/ControlRig_Diamond_3mm.uexp" 418
"../../../Engine/Plugins/Animation/ControlRig/Content/Controls/ControlRig_Diamond_1mm.uasset" 419
"../../../Engine/Plugins/Animation/ControlRig/Content/Controls/ControlRig_Diamond_1mm.uexp" 420
"../../../Engine/Plugins/Animation/ControlRig/Content/Controls/ControlRig_Circle_solid.uasset" 421
"../../../Engine/Plugins/Animation/ControlRig/Content/Controls/ControlRig_Circle_solid.uexp" 422
"../../../Engine/Plugins/Animation/ControlRig/Content/Controls/ControlRig_Circle_3mm.uasset" 423
"../../../Engine/Plugins/Animation/ControlRig/Content/Controls/ControlRig_Circle_3mm.uexp" 424
"../../../Engine/Plugins/Animation/ControlRig/Content/Controls/ControlRig_Circle_1mm.uasset" 425
"../../../Engine/Plugins/Animation/ControlRig/Content/Controls/ControlRig_Circle_1mm.uexp" 426
"../../../Engine/Plugins/Animation/ControlRig/Content/Controls/ControlRig_Box_solid.uasset" 427
"../../../Engine/Plugins/Animation/ControlRig/Content/Controls/ControlRig_Box_solid.uexp" 428
"../../../Engine/Plugins/Animation/ControlRig/Content/Controls/ControlRig_Box_3mm.uasset" 429
"../../../Engine/Plugins/Animation/ControlRig/Content/Controls/ControlRig_Box_3mm.uexp" 430
"../../../Engine/Plugins/Animation/ControlRig/Content/Controls/ControlRig_Box_1mm.uasset" 431
"../../../Engine/Plugins/Animation/ControlRig/Content/Controls/ControlRig_Box_1mm.uexp" 432
"../../../Engine/Plugins/Animation/ControlRig/Content/Controls/ControlRig_Arrow_solid.uasset" 433
"../../../Engine/Plugins/Animation/ControlRig/Content/Controls/ControlRig_Arrow_solid.uexp" 434
"../../../Engine/Plugins/Animation/ControlRig/Content/Controls/ControlRig_Arrow_3mm.uasset" 435
"../../../Engine/Plugins/Animation/ControlRig/Content/Controls/ControlRig_Arrow_3mm.uexp" 436
"../../../Engine/Plugins/Animation/ControlRig/Content/Controls/ControlRig_Arrow_1mm.uasset" 437
"../../../Engine/Plugins/Animation/ControlRig/Content/Controls/ControlRig_Arrow_1mm.uexp" 438
"../../../Engine/Plugins/Animation/ControlRig/Content/Controls/ControlRig_Arrow4_solid.uasset" 439
"../../../Engine/Plugins/Animation/ControlRig/Content/Controls/ControlRig_Arrow4_solid.uexp" 440
"../../../Engine/Plugins/Animation/ControlRig/Content/Controls/ControlRig_Arrow4_3mm.uasset" 441
"../../../Engine/Plugins/Animation/ControlRig/Content/Controls/ControlRig_Arrow4_3mm.uexp" 442
"../../../Engine/Plugins/Animation/ControlRig/Content/Controls/ControlRig_Arrow4_1mm.uasset" 443
"../../../Engine/Plugins/Animation/ControlRig/Content/Controls/ControlRig_Arrow4_1mm.uexp" 444
"../../../Engine/Plugins/Animation/ControlRig/Content/Controls/ControlRig_Arrow2_solid.uasset" 445
"../../../Engine/Plugins/Animation/ControlRig/Content/Controls/ControlRig_Arrow2_solid.uexp" 446
"../../../Engine/Plugins/Animation/ControlRig/Content/Controls/ControlRig_Arrow2_3mm.uasset" 447
"../../../Engine/Plugins/Animation/ControlRig/Content/Controls/ControlRig_Arrow2_3mm.uexp" 448
"../../../Engine/Plugins/Animation/ControlRig/Content/Controls/ControlRig_Arrow2_1mm.uasset" 449
"../../../Engine/Plugins/Animation/ControlRig/Content/Controls/ControlRig_Arrow2_1mm.uexp" 450
"../../../Engine/Plugins/Animation/ControlRig/Content/Controls/ControlRigGizmoMaterial.uasset" 451
"../../../Engine/Plugins/Animation/ControlRig/Content/Controls/ControlRigGizmoMaterial.uexp" 452
"../../../Engine/Plugins/Editor/SpeedTreeImporter/Content/SpeedTree9/game_wind_noise.ubulk" 453
"../../../Engine/Plugins/Editor/SpeedTreeImporter/Content/SpeedTree9/game_wind_noise.uasset" 454
"../../../Engine/Plugins/Editor/SpeedTreeImporter/Content/SpeedTree9/game_wind_noise.uexp" 455
"../../../Engine/Plugins/Editor/SpeedTreeImporter/Content/SpeedTree9/UnpackDirection.uasset" 456
"../../../Engine/Plugins/Editor/SpeedTreeImporter/Content/SpeedTree9/UnpackDirection.uexp" 457
"../../../Engine/Content/Functions/Engine_MaterialFunctions02/ObjectLocalBounds.uasset" 458
"../../../Engine/Content/Functions/Engine_MaterialFunctions02/ObjectLocalBounds.uexp" 459
"../../../Engine/Content/Functions/Engine_MaterialFunctions02/UVs/BoundingBoxBased_0-1_UVW.uasset" 460
"../../../Engine/Content/Functions/Engine_MaterialFunctions02/UVs/BoundingBoxBased_0-1_UVW.uexp" 461
"../../../Engine/Content/Functions/Engine_MaterialFunctions02/Utility/VectorLength.uasset" 462
"../../../Engine/Content/Functions/Engine_MaterialFunctions02/Utility/VectorLength.uexp" 463
"../../../Engine/Plugins/Editor/SpeedTreeImporter/Content/SpeedTree9/UnpackInteger3.uasset" 464
"../../../Engine/Plugins/Editor/SpeedTreeImporter/Content/SpeedTree9/UnpackInteger3.uexp" 465
"../../../Engine/Plugins/Editor/SpeedTreeImporter/Content/SpeedTree9/SpeedTreeCameraFacing.uasset" 466
"../../../Engine/Plugins/Editor/SpeedTreeImporter/Content/SpeedTree9/SpeedTreeCameraFacing.uexp" 467
"../../../Engine/Content/Functions/Engine_MaterialFunctions02/WorldPositionOffset/ObjectScale.uasset" 468
"../../../Engine/Content/Functions/Engine_MaterialFunctions02/WorldPositionOffset/ObjectScale.uexp" 469
"../../../Engine/Content/Functions/Engine_MaterialFunctions02/SafeNormalize.uasset" 470
"../../../Engine/Content/Functions/Engine_MaterialFunctions02/SafeNormalize.uexp" 471
"../../../Engine/Plugins/Editor/SpeedTreeImporter/Content/SpeedTree9/SpeedTreeWindMotion.uasset" 472
"../../../Engine/Plugins/Editor/SpeedTreeImporter/Content/SpeedTree9/SpeedTreeWindMotion.uexp" 473
"../../../Engine/Plugins/Editor/SpeedTreeImporter/Content/SpeedTree9/SpeedTreeBranchMotion.uasset" 474
"../../../Engine/Plugins/Editor/SpeedTreeImporter/Content/SpeedTree9/SpeedTreeBranchMotion.uexp" 475
"../../../Engine/Plugins/Editor/SpeedTreeImporter/Content/SpeedTree9/SpeedTreeWind.uasset" 476
"../../../Engine/Plugins/Editor/SpeedTreeImporter/Content/SpeedTree9/SpeedTreeWind.uexp" 477
"../../../Engine/Plugins/Editor/SpeedTreeImporter/Content/SpeedTree9/EmptyNormal.uasset" 478
"../../../Engine/Plugins/Editor/SpeedTreeImporter/Content/SpeedTree9/EmptyNormal.uexp" 479
"../../../Engine/Plugins/Editor/SpeedTreeImporter/Content/SpeedTree9/Empty.uasset" 480
"../../../Engine/Plugins/Editor/SpeedTreeImporter/Content/SpeedTree9/Empty.uexp" 481
"../../../Engine/Plugins/Editor/SpeedTreeImporter/Content/SpeedTree9/SpeedTreeMaster.uasset" 482
"../../../Engine/Plugins/Editor/SpeedTreeImporter/Content/SpeedTree9/SpeedTreeMaster.uexp" 483
"../../../Engine/Plugins/Editor/SpeedTreeImporter/Content/SpeedTree9/SpeedTreeBillboard.uasset" 484
"../../../Engine/Plugins/Editor/SpeedTreeImporter/Content/SpeedTree9/SpeedTreeBillboard.uexp" 485
"../../../Engine/Plugins/Editor/SpeedTreeImporter/Content/SpeedTree9/SpeedTreeBillboardMaster.uasset" 486
"../../../Engine/Plugins/Editor/SpeedTreeImporter/Content/SpeedTree9/SpeedTreeBillboardMaster.uexp" 487
"../../../Engine/Plugins/Runtime/HairStrands/Content/Materials/HairMeshesDefaultMaterial.uasset" 488
"../../../Engine/Plugins/Runtime/HairStrands/Content/Materials/HairMeshesDefaultMaterial.uexp" 489
"../../../Engine/Plugins/Runtime/HairStrands/Content/Materials/HairDefaultMaterial.uasset" 490
"../../../Engine/Plugins/Runtime/HairStrands/Content/Materials/HairDefaultMaterial.uexp" 491
"../../../Engine/Plugins/Runtime/HairStrands/Content/Materials/HairGroupColors.uasset" 492
"../../../Engine/Plugins/Runtime/HairStrands/Content/Materials/HairGroupColors.uexp" 493
"../../../Engine/Content/EngineMaterials/HairColorMap.uasset" 494
"../../../Engine/Content/EngineMaterials/HairColorMap.uexp" 495
"../../../Engine/Content/EngineMaterials/HairDebugColor.uasset" 496
"../../../Engine/Content/EngineMaterials/HairDebugColor.uexp" 497
"../../../Engine/Plugins/Runtime/HairStrands/Content/Materials/HairDebugMaterial.uasset" 498
"../../../Engine/Plugins/Runtime/HairStrands/Content/Materials/HairDebugMaterial.uexp" 499
"../../../Engine/Plugins/Runtime/HairStrands/Content/Materials/HairCardsDefaultMaterial.uasset" 500
"../../../Engine/Plugins/Runtime/HairStrands/Content/Materials/HairCardsDefaultMaterial.uexp" 501
"../../../Engine/Content/Maps/Entry_BuiltData.uasset" 502
"../../../Engine/Content/Maps/Entry_BuiltData.uexp" 503
"../../../Engine/Content/Maps/Entry.uexp" 504
"../../../Engine/Content/Maps/Entry.umap" 505
"C:/Users/Work/Documents/Unreal Projects/MarsMarine_UEProject/Content/Rocks/Textures/T_Perlin_Noise_M.ubulk" 506
"C:/Users/Work/Documents/Unreal Projects/MarsMarine_UEProject/Content/Rocks/Textures/T_Perlin_Noise_M.uasset" 507
"C:/Users/Work/Documents/Unreal Projects/MarsMarine_UEProject/Content/Rocks/Textures/T_Perlin_Noise_M.uexp" 508
"C:/Users/Work/Documents/Unreal Projects/MarsMarine_UEProject/Content/Rocks/Textures/T_Ground_Gravel_N.ubulk" 509
"C:/Users/Work/Documents/Unreal Projects/MarsMarine_UEProject/Content/Rocks/Textures/T_Ground_Gravel_N.uasset" 510
"C:/Users/Work/Documents/Unreal Projects/MarsMarine_UEProject/Content/Rocks/Textures/T_Ground_Gravel_N.uexp" 511
"C:/Users/Work/Documents/Unreal Projects/MarsMarine_UEProject/Content/Rocks/Textures/T_Ground_Gravel_D.ubulk" 512
"C:/Users/Work/Documents/Unreal Projects/MarsMarine_UEProject/Content/Rocks/Textures/T_Ground_Gravel_D.uasset" 513
"C:/Users/Work/Documents/Unreal Projects/MarsMarine_UEProject/Content/Rocks/Textures/T_Ground_Gravel_D.uexp" 514
"C:/Users/Work/Documents/Unreal Projects/MarsMarine_UEProject/Content/Rocks/Textures/T_MacroVariation.uasset" 515
"C:/Users/Work/Documents/Unreal Projects/MarsMarine_UEProject/Content/Rocks/Textures/T_MacroVariation.uexp" 516
"C:/Users/Work/Documents/Unreal Projects/MarsMarine_UEProject/Content/Rocks/Materials/M_MarsRock.uasset" 517
"C:/Users/Work/Documents/Unreal Projects/MarsMarine_UEProject/Content/Rocks/Materials/M_MarsRock.uexp" 518
"C:/Users/Work/Documents/Unreal Projects/MarsMarine_UEProject/Content/Rocks/SM_Rock.uasset" 519
"C:/Users/Work/Documents/Unreal Projects/MarsMarine_UEProject/Content/Rocks/SM_Rock.uexp" 520
"../../../Engine/Content/EngineSky/C_Sky_Horizon_Color.uasset" 521
"../../../Engine/Content/EngineSky/C_Sky_Horizon_Color.uexp" 522
"../../../Engine/Content/EngineSky/T_Sky_Stars.ubulk" 523
"../../../Engine/Content/EngineSky/T_Sky_Stars.uasset" 524
"../../../Engine/Content/EngineSky/T_Sky_Stars.uexp" 525
"../../../Engine/Content/EngineSky/T_Sky_Clouds_M.ubulk" 526
"../../../Engine/Content/EngineSky/T_Sky_Clouds_M.uasset" 527
"../../../Engine/Content/EngineSky/T_Sky_Clouds_M.uexp" 528
"../../../Engine/Content/EngineSky/T_Sky_Blue.ubulk" 529
"../../../Engine/Content/EngineSky/T_Sky_Blue.uasset" 530
"../../../Engine/Content/EngineSky/T_Sky_Blue.uexp" 531
"../../../Engine/Content/EngineSky/M_Sky_Panning_Clouds2.uasset" 532
"../../../Engine/Content/EngineSky/M_Sky_Panning_Clouds2.uexp" 533
"../../../Engine/Content/EngineSky/SM_SkySphere.uasset" 534
"../../../Engine/Content/EngineSky/SM_SkySphere.uexp" 535
"../../../Engine/Content/EngineSky/C_Sky_Cloud_Color.uasset" 536
"../../../Engine/Content/EngineSky/C_Sky_Cloud_Color.uexp" 537
"../../../Engine/Content/EngineSky/C_Sky_Zenith_Color.uasset" 538
"../../../Engine/Content/EngineSky/C_Sky_Zenith_Color.uexp" 539
"../../../Engine/Content/EditorBlueprintResources/StandardMacros.uasset" 540
"../../../Engine/Content/EditorBlueprintResources/StandardMacros.uexp" 541
"../../../Engine/Content/EngineSky/BP_Sky_Sphere.uasset" 542
"../../../Engine/Content/EngineSky/BP_Sky_Sphere.uexp" 543
"C:/Users/Work/Documents/Unreal Projects/MarsMarine_UEProject/Content/Rocks/Textures/T_Rock_Sandstone_D.ubulk" 544
"C:/Users/Work/Documents/Unreal Projects/MarsMarine_UEProject/Content/Rocks/Textures/T_Rock_Sandstone_D.uasset" 545
"C:/Users/Work/Documents/Unreal Projects/MarsMarine_UEProject/Content/Rocks/Textures/T_Rock_Sandstone_D.uexp" 546
"C:/Users/Work/Documents/Unreal Projects/MarsMarine_UEProject/Content/Rocks/Textures/T_Rock_Sandstone_N.ubulk" 547
"C:/Users/Work/Documents/Unreal Projects/MarsMarine_UEProject/Content/Rocks/Textures/T_Rock_Sandstone_N.uasset" 548
"C:/Users/Work/Documents/Unreal Projects/MarsMarine_UEProject/Content/Rocks/Textures/T_Rock_Sandstone_N.uexp" 549
"C:/Users/Work/Documents/Unreal Projects/MarsMarine_UEProject/Content/Rocks/Materials/M_Rock_Sandstone.uasset" 550
"C:/Users/Work/Documents/Unreal Projects/MarsMarine_UEProject/Content/Rocks/Materials/M_Rock_Sandstone.uexp" 551
"C:/Users/Work/Documents/Unreal Projects/MarsMarine_UEProject/Content/Sounds/Weapon_AssaultRifle/Stereo/AssaultRifle_ShotEnd05_Stereo.ubulk" 552
"C:/Users/Work/Documents/Unreal Projects/MarsMarine_UEProject/Content/Sounds/Weapon_AssaultRifle/Stereo/AssaultRifle_ShotEnd05_Stereo.uasset" 553
"C:/Users/Work/Documents/Unreal Projects/MarsMarine_UEProject/Content/Sounds/Weapon_AssaultRifle/Stereo/AssaultRifle_ShotEnd05_Stereo.uexp" 554
"C:/Users/Work/Documents/Unreal Projects/MarsMarine_UEProject/Content/Sounds/Weapon_AssaultRifle/Stereo/AssaultRifle_ShotEnd06_Stereo.ubulk" 555
"C:/Users/Work/Documents/Unreal Projects/MarsMarine_UEProject/Content/Sounds/Weapon_AssaultRifle/Stereo/AssaultRifle_ShotEnd06_Stereo.uasset" 556
"C:/Users/Work/Documents/Unreal Projects/MarsMarine_UEProject/Content/Sounds/Weapon_AssaultRifle/Stereo/AssaultRifle_ShotEnd06_Stereo.uexp" 557
"C:/Users/Work/Documents/Unreal Projects/MarsMarine_UEProject/Content/Sounds/Weapon_AssaultRifle/Stereo/AssaultRifle_ShotEnd01_Stereo.ubulk" 558
"C:/Users/Work/Documents/Unreal Projects/MarsMarine_UEProject/Content/Sounds/Weapon_AssaultRifle/Stereo/AssaultRifle_ShotEnd01_Stereo.uasset" 559
"C:/Users/Work/Documents/Unreal Projects/MarsMarine_UEProject/Content/Sounds/Weapon_AssaultRifle/Stereo/AssaultRifle_ShotEnd01_Stereo.uexp" 560
"C:/Users/Work/Documents/Unreal Projects/MarsMarine_UEProject/Content/Sounds/Weapon_AssaultRifle/Stereo/AssaultRifle_ShotEnd04_Stereo.ubulk" 561
"C:/Users/Work/Documents/Unreal Projects/MarsMarine_UEProject/Content/Sounds/Weapon_AssaultRifle/Stereo/AssaultRifle_ShotEnd04_Stereo.uasset" 562
"C:/Users/Work/Documents/Unreal Projects/MarsMarine_UEProject/Content/Sounds/Weapon_AssaultRifle/Stereo/AssaultRifle_ShotEnd04_Stereo.uexp" 563
"C:/Users/Work/Documents/Unreal Projects/MarsMarine_UEProject/Content/Sounds/Weapon_AssaultRifle/Stereo/AssaultRifle_ShotEnd03_Stereo.ubulk" 564
"C:/Users/Work/Documents/Unreal Projects/MarsMarine_UEProject/Content/Sounds/Weapon_AssaultRifle/Stereo/AssaultRifle_ShotEnd03_Stereo.uasset" 565
"C:/Users/Work/Documents/Unreal Projects/MarsMarine_UEProject/Content/Sounds/Weapon_AssaultRifle/Stereo/AssaultRifle_ShotEnd03_Stereo.uexp" 566
"C:/Users/Work/Documents/Unreal Projects/MarsMarine_UEProject/Content/Sounds/Weapon_AssaultRifle/Stereo/AssaultRifle_ShotEnd02_Stereo.ubulk" 567
"C:/Users/Work/Documents/Unreal Projects/MarsMarine_UEProject/Content/Sounds/Weapon_AssaultRifle/Stereo/AssaultRifle_ShotEnd02_Stereo.uasset" 568
"C:/Users/Work/Documents/Unreal Projects/MarsMarine_UEProject/Content/Sounds/Weapon_AssaultRifle/Stereo/AssaultRifle_ShotEnd02_Stereo.uexp" 569
"C:/Users/Work/Documents/Unreal Projects/MarsMarine_UEProject/Content/Sounds/Weapon_AssaultRifle/Stereo/RifleFireEnd_Cue.uasset" 570
"C:/Users/Work/Documents/Unreal Projects/MarsMarine_UEProject/Content/Sounds/Weapon_AssaultRifle/Stereo/RifleFireEnd_Cue.uexp" 571
"../../../Engine/Content/EngineMeshes/Humanoid.uasset" 572
"../../../Engine/Content/EngineMeshes/Humanoid.uexp" 573
"C:/Users/Work/Documents/Unreal Projects/MarsMarine_UEProject/Content/Characters/Marine/Marine_Skeleton.uasset" 574
"C:/Users/Work/Documents/Unreal Projects/MarsMarine_UEProject/Content/Characters/Marine/Marine_Skeleton.uexp" 575
"C:/Users/Work/Documents/Unreal Projects/MarsMarine_UEProject/Content/Characters/Marine/Animations/Death.uasset" 576
"C:/Users/Work/Documents/Unreal Projects/MarsMarine_UEProject/Content/Characters/Marine/Animations/Death.uexp" 577
"C:/Users/Work/Documents/Unreal Projects/MarsMarine_UEProject/Content/Characters/Marine/Animations/Run_Lt.uasset" 578
"C:/Users/Work/Documents/Unreal Projects/MarsMarine_UEProject/Content/Characters/Marine/Animations/Run_Lt.uexp" 579
"C:/Users/Work/Documents/Unreal Projects/MarsMarine_UEProject/Content/Characters/Marine/Animations/Run_Rt.uasset" 580
"C:/Users/Work/Documents/Unreal Projects/MarsMarine_UEProject/Content/Characters/Marine/Animations/Run_Rt.uexp" 581
"C:/Users/Work/Documents/Unreal Projects/MarsMarine_UEProject/Content/Characters/Marine/Animations/Idle.uasset" 582
"C:/Users/Work/Documents/Unreal Projects/MarsMarine_UEProject/Content/Characters/Marine/Animations/Idle.uexp" 583
"C:/Users/Work/Documents/Unreal Projects/MarsMarine_UEProject/Content/Characters/Marine/Animations/Run_Bwd.uasset" 584
"C:/Users/Work/Documents/Unreal Projects/MarsMarine_UEProject/Content/Characters/Marine/Animations/Run_Bwd.uexp" 585
"C:/Users/Work/Documents/Unreal Projects/MarsMarine_UEProject/Content/Characters/Marine/Animations/Run_Fwd.uasset" 586
"C:/Users/Work/Documents/Unreal Projects/MarsMarine_UEProject/Content/Characters/Marine/Animations/Run_Fwd.uexp" 587
"C:/Users/Work/Documents/Unreal Projects/MarsMarine_UEProject/Content/Characters/Marine/Animations/MovementBlendSpace.uasset" 588
"C:/Users/Work/Documents/Unreal Projects/MarsMarine_UEProject/Content/Characters/Marine/Animations/MovementBlendSpace.uexp" 589
"C:/Users/Work/Documents/Unreal Projects/MarsMarine_UEProject/Content/Characters/Marine/Animations/AnimeBP_Marine.uasset" 590
"C:/Users/Work/Documents/Unreal Projects/MarsMarine_UEProject/Content/Characters/Marine/Animations/AnimeBP_Marine.uexp" 591
"C:/Users/Work/Documents/Unreal Projects/MarsMarine_UEProject/Content/Characters/Marine/Marine_PhysicsAsset.uasset" 592
"C:/Users/Work/Documents/Unreal Projects/MarsMarine_UEProject/Content/Characters/Marine/Marine_PhysicsAsset.uexp" 593
"C:/Users/Work/Documents/Unreal Projects/MarsMarine_UEProject/Content/Characters/Marine/Textures/Chr_FPS_M_03tga.ubulk" 594
"C:/Users/Work/Documents/Unreal Projects/MarsMarine_UEProject/Content/Characters/Marine/Textures/Chr_FPS_M_03tga.uasset" 595
"C:/Users/Work/Documents/Unreal Projects/MarsMarine_UEProject/Content/Characters/Marine/Textures/Chr_FPS_M_03tga.uexp" 596
"C:/Users/Work/Documents/Unreal Projects/MarsMarine_UEProject/Content/Characters/Marine/Textures/Chr_FPS_N.uasset" 597
"C:/Users/Work/Documents/Unreal Projects/MarsMarine_UEProject/Content/Characters/Marine/Textures/Chr_FPS_N.uexp" 598
"../../../Engine/Content/Functions/Engine_MaterialFunctions02/Utility/BlendAngleCorrectedNormals.uasset" 599
"../../../Engine/Content/Functions/Engine_MaterialFunctions02/Utility/BlendAngleCorrectedNormals.uexp" 600
"../../../Engine/Content/Functions/Engine_MaterialFunctions01/Texturing/FlattenNormal.uasset" 601
"../../../Engine/Content/Functions/Engine_MaterialFunctions01/Texturing/FlattenNormal.uexp" 602
"C:/Users/Work/Documents/Unreal Projects/MarsMarine_UEProject/Content/Characters/Marine/Textures/Chr_FPS_02_M.ubulk" 603
"C:/Users/Work/Documents/Unreal Projects/MarsMarine_UEProject/Content/Characters/Marine/Textures/Chr_FPS_02_M.uasset" 604
"C:/Users/Work/Documents/Unreal Projects/MarsMarine_UEProject/Content/Characters/Marine/Textures/Chr_FPS_02_M.uexp" 605
"C:/Users/Work/Documents/Unreal Projects/MarsMarine_UEProject/Content/Characters/Marine/Textures/Chr_FPS_D.ubulk" 606
"C:/Users/Work/Documents/Unreal Projects/MarsMarine_UEProject/Content/Characters/Marine/Textures/Chr_FPS_D.uasset" 607
"C:/Users/Work/Documents/Unreal Projects/MarsMarine_UEProject/Content/Characters/Marine/Textures/Chr_FPS_D.uexp" 608
"../../../Engine/Content/Functions/MaterialLayerFunctions/MatLayerBlend_TintAllChannels.uasset" 609
"../../../Engine/Content/Functions/MaterialLayerFunctions/MatLayerBlend_TintAllChannels.uexp" 610
"C:/Users/Work/Documents/Unreal Projects/MarsMarine_UEProject/Content/Characters/Marine/Textures/T_Vista_Grass_N.ubulk" 611
"C:/Users/Work/Documents/Unreal Projects/MarsMarine_UEProject/Content/Characters/Marine/Textures/T_Vista_Grass_N.uasset" 612
"C:/Users/Work/Documents/Unreal Projects/MarsMarine_UEProject/Content/Characters/Marine/Textures/T_Vista_Grass_N.uexp" 613
"C:/Users/Work/Documents/Unreal Projects/MarsMarine_UEProject/Content/Characters/Marine/Materials/ML_Base.uasset" 614
"C:/Users/Work/Documents/Unreal Projects/MarsMarine_UEProject/Content/Characters/Marine/Materials/ML_Base.uexp" 615
"../../../Engine/Content/Functions/MaterialLayerFunctions/MatLayerBlend_Standard.uasset" 616
"../../../Engine/Content/Functions/MaterialLayerFunctions/MatLayerBlend_Standard.uexp" 617
"C:/Users/Work/Documents/Unreal Projects/MarsMarine_UEProject/Content/Characters/Marine/Textures/Tiles/T_Sctraches_01.ubulk" 618
"C:/Users/Work/Documents/Unreal Projects/MarsMarine_UEProject/Content/Characters/Marine/Textures/Tiles/T_Sctraches_01.uasset" 619
"C:/Users/Work/Documents/Unreal Projects/MarsMarine_UEProject/Content/Characters/Marine/Textures/Tiles/T_Sctraches_01.uexp" 620
"C:/Users/Work/Documents/Unreal Projects/MarsMarine_UEProject/Content/Characters/Marine/Materials/ML_Glass.uasset" 621
"C:/Users/Work/Documents/Unreal Projects/MarsMarine_UEProject/Content/Characters/Marine/Materials/ML_Glass.uexp" 622
"C:/Users/Work/Documents/Unreal Projects/MarsMarine_UEProject/Content/Characters/Marine/Textures/Chr_FPS_M.ubulk" 623
"C:/Users/Work/Documents/Unreal Projects/MarsMarine_UEProject/Content/Characters/Marine/Textures/Chr_FPS_M.uasset" 624
"C:/Users/Work/Documents/Unreal Projects/MarsMarine_UEProject/Content/Characters/Marine/Textures/Chr_FPS_M.uexp" 625
"C:/Users/Work/Documents/Unreal Projects/MarsMarine_UEProject/Content/Characters/Marine/Materials/ML_Emissive_Custom.uasset" 626
"C:/Users/Work/Documents/Unreal Projects/MarsMarine_UEProject/Content/Characters/Marine/Materials/ML_Emissive_Custom.uexp" 627
"C:/Users/Work/Documents/Unreal Projects/MarsMarine_UEProject/Content/Characters/Marine/Materials/M_BodyDamage.uasset" 628
"C:/Users/Work/Documents/Unreal Projects/MarsMarine_UEProject/Content/Characters/Marine/Materials/M_BodyDamage.uexp" 629
"C:/Users/Work/Documents/Unreal Projects/MarsMarine_UEProject/Content/Characters/Marine/Textures/Chr_FPS_Metal_01.ubulk" 630
"C:/Users/Work/Documents/Unreal Projects/MarsMarine_UEProject/Content/Characters/Marine/Textures/Chr_FPS_Metal_01.uasset" 631
"C:/Users/Work/Documents/Unreal Projects/MarsMarine_UEProject/Content/Characters/Marine/Textures/Chr_FPS_Metal_01.uexp" 632
"C:/Users/Work/Documents/Unreal Projects/MarsMarine_UEProject/Content/Characters/Marine/Textures/Chr_FPS_Metal_02.ubulk" 633
"C:/Users/Work/Documents/Unreal Projects/MarsMarine_UEProject/Content/Characters/Marine/Textures/Chr_FPS_Metal_02.uasset" 634
"C:/Users/Work/Documents/Unreal Projects/MarsMarine_UEProject/Content/Characters/Marine/Textures/Chr_FPS_Metal_02.uexp" 635
"C:/Users/Work/Documents/Unreal Projects/MarsMarine_UEProject/Content/Characters/Marine/Textures/Chr_FPS_Fabric_N_01.ubulk" 636
"C:/Users/Work/Documents/Unreal Projects/MarsMarine_UEProject/Content/Characters/Marine/Textures/Chr_FPS_Fabric_N_01.uasset" 637
"C:/Users/Work/Documents/Unreal Projects/MarsMarine_UEProject/Content/Characters/Marine/Textures/Chr_FPS_Fabric_N_01.uexp" 638
"C:/Users/Work/Documents/Unreal Projects/MarsMarine_UEProject/Content/Characters/Marine/Materials/ML_Rubber_light.uasset" 639
"C:/Users/Work/Documents/Unreal Projects/MarsMarine_UEProject/Content/Characters/Marine/Materials/ML_Rubber_light.uexp" 640
"C:/Users/Work/Documents/Unreal Projects/MarsMarine_UEProject/Content/Characters/Marine/Materials/ML_Metal_Painted.uasset" 641
"C:/Users/Work/Documents/Unreal Projects/MarsMarine_UEProject/Content/Characters/Marine/Materials/ML_Metal_Painted.uexp" 642
"../../../Engine/Content/Functions/MaterialLayerFunctions/MatLayerBlend_BakedNormal.uasset" 643
"../../../Engine/Content/Functions/MaterialLayerFunctions/MatLayerBlend_BakedNormal.uexp" 644
"C:/Users/Work/Documents/Unreal Projects/MarsMarine_UEProject/Content/Characters/Marine/Materials/ML_Rubber_dark.uasset" 645
"C:/Users/Work/Documents/Unreal Projects/MarsMarine_UEProject/Content/Characters/Marine/Materials/ML_Rubber_dark.uexp" 646
"C:/Users/Work/Documents/Unreal Projects/MarsMarine_UEProject/Content/Characters/Marine/Materials/ML_Metal_light.uasset" 647
"C:/Users/Work/Documents/Unreal Projects/MarsMarine_UEProject/Content/Characters/Marine/Materials/ML_Metal_light.uexp" 648
"C:/Users/Work/Documents/Unreal Projects/MarsMarine_UEProject/Content/Characters/Marine/Materials/M_Marine.uasset" 649
"C:/Users/Work/Documents/Unreal Projects/MarsMarine_UEProject/Content/Characters/Marine/Materials/M_Marine.uexp" 650
"C:/Users/Work/Documents/Unreal Projects/MarsMarine_UEProject/Content/Characters/Marine/Marine.uasset" 651
"C:/Users/Work/Documents/Unreal Projects/MarsMarine_UEProject/Content/Characters/Marine/Marine.uexp" 652
"C:/Users/Work/Documents/Unreal Projects/MarsMarine_UEProject/Content/UI/Textures/AttackerPortrait.uasset" 653
"C:/Users/Work/Documents/Unreal Projects/MarsMarine_UEProject/Content/UI/Textures/AttackerPortrait.uexp" 654
"C:/Users/Work/Documents/Unreal Projects/MarsMarine_UEProject/Content/Characters/Enemy_Great_Spider/SK_Greater_Spider_Skeleton.uasset" 655
"C:/Users/Work/Documents/Unreal Projects/MarsMarine_UEProject/Content/Characters/Enemy_Great_Spider/SK_Greater_Spider_Skeleton.uexp" 656
"C:/Users/Work/Documents/Unreal Projects/MarsMarine_UEProject/Content/Characters/Enemy_Great_Spider/Animations/ExoGame_Greater_Spider_Attack_Melee_B.uasset" 657
"C:/Users/Work/Documents/Unreal Projects/MarsMarine_UEProject/Content/Characters/Enemy_Great_Spider/Animations/ExoGame_Greater_Spider_Attack_Melee_B.uexp" 658
"C:/Users/Work/Documents/Unreal Projects/MarsMarine_UEProject/Content/Characters/Enemy_Great_Spider/Animations/Spider_attack1.uasset" 659
"C:/Users/Work/Documents/Unreal Projects/MarsMarine_UEProject/Content/Characters/Enemy_Great_Spider/Animations/Spider_attack1.uexp" 660
"C:/Users/Work/Documents/Unreal Projects/MarsMarine_UEProject/Content/Characters/Enemy_Great_Spider/Textures/T_Enemy_GreaterSpider_Fire_D.ubulk" 661
"C:/Users/Work/Documents/Unreal Projects/MarsMarine_UEProject/Content/Characters/Enemy_Great_Spider/Textures/T_Enemy_GreaterSpider_Fire_D.uasset" 662
"C:/Users/Work/Documents/Unreal Projects/MarsMarine_UEProject/Content/Characters/Enemy_Great_Spider/Textures/T_Enemy_GreaterSpider_Fire_D.uexp" 663
"C:/Users/Work/Documents/Unreal Projects/MarsMarine_UEProject/Content/Characters/Enemy_Great_Spider/Textures/T_Enemy_GreaterSpider_Fire_N.ubulk" 664
"C:/Users/Work/Documents/Unreal Projects/MarsMarine_UEProject/Content/Characters/Enemy_Great_Spider/Textures/T_Enemy_GreaterSpider_Fire_N.uasset" 665
"C:/Users/Work/Documents/Unreal Projects/MarsMarine_UEProject/Content/Characters/Enemy_Great_Spider/Textures/T_Enemy_GreaterSpider_Fire_N.uexp" 666
"C:/Users/Work/Documents/Unreal Projects/MarsMarine_UEProject/Content/Characters/Enemy_Great_Spider/Textures/T_Enemy_GreaterSpider_Fire_M.ubulk" 667
"C:/Users/Work/Documents/Unreal Projects/MarsMarine_UEProject/Content/Characters/Enemy_Great_Spider/Textures/T_Enemy_GreaterSpider_Fire_M.uasset" 668
"C:/Users/Work/Documents/Unreal Projects/MarsMarine_UEProject/Content/Characters/Enemy_Great_Spider/Textures/T_Enemy_GreaterSpider_Fire_M.uexp" 669
"C:/Users/Work/Documents/Unreal Projects/MarsMarine_UEProject/Content/Characters/Enemy_Great_Spider/Materials/CharM_Greater_Spider.uasset" 670
"C:/Users/Work/Documents/Unreal Projects/MarsMarine_UEProject/Content/Characters/Enemy_Great_Spider/Materials/CharM_Greater_Spider.uexp" 671
"C:/Users/Work/Documents/Unreal Projects/MarsMarine_UEProject/Content/Characters/Enemy_Great_Spider/SK_Greater_Spider.uasset" 672
"C:/Users/Work/Documents/Unreal Projects/MarsMarine_UEProject/Content/Characters/Enemy_Great_Spider/SK_Greater_Spider.uexp" 673
"C:/Users/Work/Documents/Unreal Projects/MarsMarine_UEProject/Content/Characters/Enemy_Great_Spider/Animations/ExoGame_Greater_Spider_Idle.uasset" 674
"C:/Users/Work/Documents/Unreal Projects/MarsMarine_UEProject/Content/Characters/Enemy_Great_Spider/Animations/ExoGame_Greater_Spider_Idle.uexp" 675
"../../../Engine/Content/Animation/DefaultAnimCurveCompressionSettings.uasset" 676
"../../../Engine/Content/Animation/DefaultAnimCurveCompressionSettings.uexp" 677
"C:/Users/Work/Documents/Unreal Projects/MarsMarine_UEProject/Content/Sounds/FoleyFlesh/Stereo/FoleyFlesh_Gib02_Stereo.ubulk" 678
"C:/Users/Work/Documents/Unreal Projects/MarsMarine_UEProject/Content/Sounds/FoleyFlesh/Stereo/FoleyFlesh_Gib02_Stereo.uasset" 679
"C:/Users/Work/Documents/Unreal Projects/MarsMarine_UEProject/Content/Sounds/FoleyFlesh/Stereo/FoleyFlesh_Gib02_Stereo.uexp" 680
"C:/Users/Work/Documents/Unreal Projects/MarsMarine_UEProject/Content/Sounds/FoleyFlesh/Mono/FoleyFlesh_Gib05.ubulk" 681
"C:/Users/Work/Documents/Unreal Projects/MarsMarine_UEProject/Content/Sounds/FoleyFlesh/Mono/FoleyFlesh_Gib05.uasset" 682
"C:/Users/Work/Documents/Unreal Projects/MarsMarine_UEProject/Content/Sounds/FoleyFlesh/Mono/FoleyFlesh_Gib05.uexp" 683
"C:/Users/Work/Documents/Unreal Projects/MarsMarine_UEProject/Content/Sounds/FoleyFlesh/Stereo/FoleyFlesh_Gib01_Stereo.ubulk" 684
"C:/Users/Work/Documents/Unreal Projects/MarsMarine_UEProject/Content/Sounds/FoleyFlesh/Stereo/FoleyFlesh_Gib01_Stereo.uasset" 685
"C:/Users/Work/Documents/Unreal Projects/MarsMarine_UEProject/Content/Sounds/FoleyFlesh/Stereo/FoleyFlesh_Gib01_Stereo.uexp" 686
"C:/Users/Work/Documents/Unreal Projects/MarsMarine_UEProject/Content/Sounds/FoleyFlesh/Stereo/FoleyFlesh_Gib03_Stereo.ubulk" 687
"C:/Users/Work/Documents/Unreal Projects/MarsMarine_UEProject/Content/Sounds/FoleyFlesh/Stereo/FoleyFlesh_Gib03_Stereo.uasset" 688
"C:/Users/Work/Documents/Unreal Projects/MarsMarine_UEProject/Content/Sounds/FoleyFlesh/Stereo/FoleyFlesh_Gib03_Stereo.uexp" 689
"C:/Users/Work/Documents/Unreal Projects/MarsMarine_UEProject/Content/Sounds/FoleyFlesh/Mono/FoleyFlesh_Gib04.ubulk" 690
"C:/Users/Work/Documents/Unreal Projects/MarsMarine_UEProject/Content/Sounds/FoleyFlesh/Mono/FoleyFlesh_Gib04.uasset" 691
"C:/Users/Work/Documents/Unreal Projects/MarsMarine_UEProject/Content/Sounds/FoleyFlesh/Mono/FoleyFlesh_Gib04.uexp" 692
"C:/Users/Work/Documents/Unreal Projects/MarsMarine_UEProject/Content/Sounds/FoleyFlesh/Mono/FoleyFlesh_Gib03.ubulk" 693
"C:/Users/Work/Documents/Unreal Projects/MarsMarine_UEProject/Content/Sounds/FoleyFlesh/Mono/FoleyFlesh_Gib03.uasset" 694
"C:/Users/Work/Documents/Unreal Projects/MarsMarine_UEProject/Content/Sounds/FoleyFlesh/Mono/FoleyFlesh_Gib03.uexp" 695
"C:/Users/Work/Documents/Unreal Projects/MarsMarine_UEProject/Content/Sounds/FoleyFlesh/Mono/FoleyFlesh_Gib06.ubulk" 696
"C:/Users/Work/Documents/Unreal Projects/MarsMarine_UEProject/Content/Sounds/FoleyFlesh/Mono/FoleyFlesh_Gib06.uasset" 697
"C:/Users/Work/Documents/Unreal Projects/MarsMarine_UEProject/Content/Sounds/FoleyFlesh/Mono/FoleyFlesh_Gib06.uexp" 698
"C:/Users/Work/Documents/Unreal Projects/MarsMarine_UEProject/Content/Sounds/FoleyFlesh/Stereo/FoleyFlesh_Gib05_Stereo.ubulk" 699
"C:/Users/Work/Documents/Unreal Projects/MarsMarine_UEProject/Content/Sounds/FoleyFlesh/Stereo/FoleyFlesh_Gib05_Stereo.uasset" 700
"C:/Users/Work/Documents/Unreal Projects/MarsMarine_UEProject/Content/Sounds/FoleyFlesh/Stereo/FoleyFlesh_Gib05_Stereo.uexp" 701
"C:/Users/Work/Documents/Unreal Projects/MarsMarine_UEProject/Content/Sounds/FoleyFlesh/Stereo/FoleyFlesh_Gib06_Stereo.ubulk" 702
"C:/Users/Work/Documents/Unreal Projects/MarsMarine_UEProject/Content/Sounds/FoleyFlesh/Stereo/FoleyFlesh_Gib06_Stereo.uasset" 703
"C:/Users/Work/Documents/Unreal Projects/MarsMarine_UEProject/Content/Sounds/FoleyFlesh/Stereo/FoleyFlesh_Gib06_Stereo.uexp" 704
"C:/Users/Work/Documents/Unreal Projects/MarsMarine_UEProject/Content/Sounds/FoleyFlesh/Mono/FoleyFlesh_Gib02.ubulk" 705
"C:/Users/Work/Documents/Unreal Projects/MarsMarine_UEProject/Content/Sounds/FoleyFlesh/Mono/FoleyFlesh_Gib02.uasset" 706
"C:/Users/Work/Documents/Unreal Projects/MarsMarine_UEProject/Content/Sounds/FoleyFlesh/Mono/FoleyFlesh_Gib02.uexp" 707
"C:/Users/Work/Documents/Unreal Projects/MarsMarine_UEProject/Content/Sounds/FoleyFlesh/Mono/FoleyFlesh_Gib01.ubulk" 708
"C:/Users/Work/Documents/Unreal Projects/MarsMarine_UEProject/Content/Sounds/FoleyFlesh/Mono/FoleyFlesh_Gib01.uasset" 709
"C:/Users/Work/Documents/Unreal Projects/MarsMarine_UEProject/Content/Sounds/FoleyFlesh/Mono/FoleyFlesh_Gib01.uexp" 710
"C:/Users/Work/Documents/Unreal Projects/MarsMarine_UEProject/Content/Sounds/FoleyFlesh/Stereo/FoleyFlesh_Gib04_Stereo.ubulk" 711
"C:/Users/Work/Documents/Unreal Projects/MarsMarine_UEProject/Content/Sounds/FoleyFlesh/Stereo/FoleyFlesh_Gib04_Stereo.uasset" 712
"C:/Users/Work/Documents/Unreal Projects/MarsMarine_UEProject/Content/Sounds/FoleyFlesh/Stereo/FoleyFlesh_Gib04_Stereo.uexp" 713
"C:/Users/Work/Documents/Unreal Projects/MarsMarine_UEProject/Content/Sounds/FoleyFlesh/Mono/FoleyFlesh_Gib_Cue.uasset" 714
"C:/Users/Work/Documents/Unreal Projects/MarsMarine_UEProject/Content/Sounds/FoleyFlesh/Mono/FoleyFlesh_Gib_Cue.uexp" 715
"../../../Engine/Content/Animation/DefaultAnimBoneCompressionSettings.uasset" 716
"../../../Engine/Content/Animation/DefaultAnimBoneCompressionSettings.uexp" 717
"C:/Users/Work/Documents/Unreal Projects/MarsMarine_UEProject/Content/Characters/Enemy_Great_Spider/Animations/ExoGame_Greater_Spider_Death.uasset" 718
"C:/Users/Work/Documents/Unreal Projects/MarsMarine_UEProject/Content/Characters/Enemy_Great_Spider/Animations/ExoGame_Greater_Spider_Death.uexp" 719
"C:/Users/Work/Documents/Unreal Projects/MarsMarine_UEProject/Content/Characters/Enemy_Great_Spider/Animations/ExoGame_Greater_Spider_Walk_Fwd.uasset" 720
"C:/Users/Work/Documents/Unreal Projects/MarsMarine_UEProject/Content/Characters/Enemy_Great_Spider/Animations/ExoGame_Greater_Spider_Walk_Fwd.uexp" 721
"C:/Users/Work/Documents/Unreal Projects/MarsMarine_UEProject/Content/Characters/Enemy_Great_Spider/Animations/Anime_Spider.uasset" 722
"C:/Users/Work/Documents/Unreal Projects/MarsMarine_UEProject/Content/Characters/Enemy_Great_Spider/Animations/Anime_Spider.uexp" 723
"C:/Users/Work/Documents/Unreal Projects/MarsMarine_UEProject/Content/Blueprints/AI/Bp_Spider.uasset" 724
"C:/Users/Work/Documents/Unreal Projects/MarsMarine_UEProject/Content/Blueprints/AI/Bp_Spider.uexp" 725
"C:/Users/Work/Documents/Unreal Projects/MarsMarine_UEProject/Content/Blueprints/GameMode/BP_GameMode.uasset" 726
"C:/Users/Work/Documents/Unreal Projects/MarsMarine_UEProject/Content/Blueprints/GameMode/BP_GameMode.uexp" 727
"C:/Users/Work/Documents/Unreal Projects/MarsMarine_UEProject/Content/UI/Textures/MarinePortrait.uasset" 728
"C:/Users/Work/Documents/Unreal Projects/MarsMarine_UEProject/Content/UI/Textures/MarinePortrait.uexp" 729
"C:/Users/Work/Documents/Unreal Projects/MarsMarine_UEProject/Content/UI/W_PlayerHUD.uasset" 730
"C:/Users/Work/Documents/Unreal Projects/MarsMarine_UEProject/Content/UI/W_PlayerHUD.uexp" 731
"C:/Users/Work/Documents/Unreal Projects/MarsMarine_UEProject/Content/Effects/Misc/Textures/Weapon/T_muzzle_flashes.ubulk" 732
"C:/Users/Work/Documents/Unreal Projects/MarsMarine_UEProject/Content/Effects/Misc/Textures/Weapon/T_muzzle_flashes.uasset" 733
"C:/Users/Work/Documents/Unreal Projects/MarsMarine_UEProject/Content/Effects/Misc/Textures/Weapon/T_muzzle_flashes.uexp" 734
"C:/Users/Work/Documents/Unreal Projects/MarsMarine_UEProject/Content/Effects/Misc/Materials/Weapon/M_muzzle_flash_subUV.uasset" 735
"C:/Users/Work/Documents/Unreal Projects/MarsMarine_UEProject/Content/Effects/Misc/Materials/Weapon/M_muzzle_flash_subUV.uexp" 736
"C:/Users/Work/Documents/Unreal Projects/MarsMarine_UEProject/Content/Effects/Misc/Textures/Smoke/T_SmokeBall_01_8_8.ubulk" 737
"C:/Users/Work/Documents/Unreal Projects/MarsMarine_UEProject/Content/Effects/Misc/Textures/Smoke/T_SmokeBall_01_8_8.uasset" 738
"C:/Users/Work/Documents/Unreal Projects/MarsMarine_UEProject/Content/Effects/Misc/Textures/Smoke/T_SmokeBall_01_8_8.uexp" 739
"C:/Users/Work/Documents/Unreal Projects/MarsMarine_UEProject/Content/Effects/Misc/Textures/Smoke/T_Clouds_01.ubulk" 740
"C:/Users/Work/Documents/Unreal Projects/MarsMarine_UEProject/Content/Effects/Misc/Textures/Smoke/T_Clouds_01.uasset" 741
"C:/Users/Work/Documents/Unreal Projects/MarsMarine_UEProject/Content/Effects/Misc/Textures/Smoke/T_Clouds_01.uexp" 742
"C:/Users/Work/Documents/Unreal Projects/MarsMarine_UEProject/Content/Effects/Misc/Materials/Smoke/M_ImpactSmoke.uasset" 743
"C:/Users/Work/Documents/Unreal Projects/MarsMarine_UEProject/Content/Effects/Misc/Materials/Smoke/M_ImpactSmoke.uexp" 744
"C:/Users/Work/Documents/Unreal Projects/MarsMarine_UEProject/Content/Effects/Misc/Textures/LensFlare/T_Lensflare_01.ubulk" 745
"C:/Users/Work/Documents/Unreal Projects/MarsMarine_UEProject/Content/Effects/Misc/Textures/LensFlare/T_Lensflare_01.uasset" 746
"C:/Users/Work/Documents/Unreal Projects/MarsMarine_UEProject/Content/Effects/Misc/Textures/LensFlare/T_Lensflare_01.uexp" 747
"C:/Users/Work/Documents/Unreal Projects/MarsMarine_UEProject/Content/Effects/Misc/Materials/LensFlare/M_Lensflare_01.uasset" 748
"C:/Users/Work/Documents/Unreal Projects/MarsMarine_UEProject/Content/Effects/Misc/Materials/LensFlare/M_Lensflare_01.uexp" 749
"../../../Engine/Content/Functions/Engine_MaterialFunctions01/Gradient/RadialGradient.uasset" 750
"../../../Engine/Content/Functions/Engine_MaterialFunctions01/Gradient/RadialGradient.uexp" 751
"C:/Users/Work/Documents/Unreal Projects/MarsMarine_UEProject/Content/Effects/Misc/Materials/Ramp/M_SoftGradient_Muzzle.uasset" 752
"C:/Users/Work/Documents/Unreal Projects/MarsMarine_UEProject/Content/Effects/Misc/Materials/Ramp/M_SoftGradient_Muzzle.uexp" 753
"C:/Users/Work/Documents/Unreal Projects/MarsMarine_UEProject/Content/Effects/Misc/Materials/Smoke/M_SmokeBall.uasset" 754
"C:/Users/Work/Documents/Unreal Projects/MarsMarine_UEProject/Content/Effects/Misc/Materials/Smoke/M_SmokeBall.uexp" 755
"C:/Users/Work/Documents/Unreal Projects/MarsMarine_UEProject/Content/Effects/Misc/Textures/Noise/T_TileNoise.ubulk" 756
"C:/Users/Work/Documents/Unreal Projects/MarsMarine_UEProject/Content/Effects/Misc/Textures/Noise/T_TileNoise.uasset" 757
"C:/Users/Work/Documents/Unreal Projects/MarsMarine_UEProject/Content/Effects/Misc/Textures/Noise/T_TileNoise.uexp" 758
"../../../Engine/Content/Functions/Engine_MaterialFunctions01/Gradient/LinearGradient.uasset" 759
"../../../Engine/Content/Functions/Engine_MaterialFunctions01/Gradient/LinearGradient.uexp" 760
"C:/Users/Work/Documents/Unreal Projects/MarsMarine_UEProject/Content/Effects/Misc/Textures/Mask/T_SquareMaskTightEdge.ubulk" 761
"C:/Users/Work/Documents/Unreal Projects/MarsMarine_UEProject/Content/Effects/Misc/Textures/Mask/T_SquareMaskTightEdge.uasset" 762
"C:/Users/Work/Documents/Unreal Projects/MarsMarine_UEProject/Content/Effects/Misc/Textures/Mask/T_SquareMaskTightEdge.uexp" 763
"C:/Users/Work/Documents/Unreal Projects/MarsMarine_UEProject/Content/Effects/Misc/Materials/Weapon/M_MuzzleGlow.uasset" 764
"C:/Users/Work/Documents/Unreal Projects/MarsMarine_UEProject/Content/Effects/Misc/Materials/Weapon/M_MuzzleGlow.uexp" 765
"C:/Users/Work/Documents/Unreal Projects/MarsMarine_UEProject/Content/Effects/Misc/Meshes/Weapon/SM_MuzzleCone.uasset" 766
"C:/Users/Work/Documents/Unreal Projects/MarsMarine_UEProject/Content/Effects/Misc/Meshes/Weapon/SM_MuzzleCone.uexp" 767
"C:/Users/Work/Documents/Unreal Projects/MarsMarine_UEProject/Content/Effects/Weapons/Muzzle/P_AssaultRifle_MF.uasset" 768
"C:/Users/Work/Documents/Unreal Projects/MarsMarine_UEProject/Content/Effects/Weapons/Muzzle/P_AssaultRifle_MF.uexp" 769
"C:/Users/Work/Documents/Unreal Projects/MarsMarine_UEProject/Content/Sounds/Weapon_AssaultRifle/Stereo/AssaultRifle_ShotLoop02_Stereo.ubulk" 770
"C:/Users/Work/Documents/Unreal Projects/MarsMarine_UEProject/Content/Sounds/Weapon_AssaultRifle/Stereo/AssaultRifle_ShotLoop02_Stereo.uasset" 771
"C:/Users/Work/Documents/Unreal Projects/MarsMarine_UEProject/Content/Sounds/Weapon_AssaultRifle/Stereo/AssaultRifle_ShotLoop02_Stereo.uexp" 772
"C:/Users/Work/Documents/Unreal Projects/MarsMarine_UEProject/Content/Sounds/Weapon_AssaultRifle/Stereo/AssaultRifle_ShotLoop03_Stereo.ubulk" 773
"C:/Users/Work/Documents/Unreal Projects/MarsMarine_UEProject/Content/Sounds/Weapon_AssaultRifle/Stereo/AssaultRifle_ShotLoop03_Stereo.uasset" 774
"C:/Users/Work/Documents/Unreal Projects/MarsMarine_UEProject/Content/Sounds/Weapon_AssaultRifle/Stereo/AssaultRifle_ShotLoop03_Stereo.uexp" 775
"C:/Users/Work/Documents/Unreal Projects/MarsMarine_UEProject/Content/Sounds/Weapon_AssaultRifle/Stereo/AssaultRifle_ShotLoop01_Stereo.ubulk" 776
"C:/Users/Work/Documents/Unreal Projects/MarsMarine_UEProject/Content/Sounds/Weapon_AssaultRifle/Stereo/AssaultRifle_ShotLoop01_Stereo.uasset" 777
"C:/Users/Work/Documents/Unreal Projects/MarsMarine_UEProject/Content/Sounds/Weapon_AssaultRifle/Stereo/AssaultRifle_ShotLoop01_Stereo.uexp" 778
"C:/Users/Work/Documents/Unreal Projects/MarsMarine_UEProject/Content/Sounds/Weapon_AssaultRifle/Stereo/Rifle_fire_loop.uasset" 779
"C:/Users/Work/Documents/Unreal Projects/MarsMarine_UEProject/Content/Sounds/Weapon_AssaultRifle/Stereo/Rifle_fire_loop.uexp" 780
"C:/Users/Work/Documents/Unreal Projects/MarsMarine_UEProject/Content/Effects/Misc/Textures/LensFlare/Flare_02.ubulk" 781
"C:/Users/Work/Documents/Unreal Projects/MarsMarine_UEProject/Content/Effects/Misc/Textures/LensFlare/Flare_02.uasset" 782
"C:/Users/Work/Documents/Unreal Projects/MarsMarine_UEProject/Content/Effects/Misc/Textures/LensFlare/Flare_02.uexp" 783
"C:/Users/Work/Documents/Unreal Projects/MarsMarine_UEProject/Content/Effects/Misc/Materials/LensFlare/M_LensFlare_02.uasset" 784
"C:/Users/Work/Documents/Unreal Projects/MarsMarine_UEProject/Content/Effects/Misc/Materials/LensFlare/M_LensFlare_02.uexp" 785
"C:/Users/Work/Documents/Unreal Projects/MarsMarine_UEProject/Content/Effects/Misc/Textures/Spark/T_SparkCore_2X2.ubulk" 786
"C:/Users/Work/Documents/Unreal Projects/MarsMarine_UEProject/Content/Effects/Misc/Textures/Spark/T_SparkCore_2X2.uasset" 787
"C:/Users/Work/Documents/Unreal Projects/MarsMarine_UEProject/Content/Effects/Misc/Textures/Spark/T_SparkCore_2X2.uexp" 788
"C:/Users/Work/Documents/Unreal Projects/MarsMarine_UEProject/Content/Effects/Misc/Materials/spark/M_spark_subUV.uasset" 789
"C:/Users/Work/Documents/Unreal Projects/MarsMarine_UEProject/Content/Effects/Misc/Materials/spark/M_spark_subUV.uexp" 790
"C:/Users/Work/Documents/Unreal Projects/MarsMarine_UEProject/Content/Effects/Misc/Materials/Ramp/M_radial_ramp_soft.uasset" 791
"C:/Users/Work/Documents/Unreal Projects/MarsMarine_UEProject/Content/Effects/Misc/Materials/Ramp/M_radial_ramp_soft.uexp" 792
"C:/Users/Work/Documents/Unreal Projects/MarsMarine_UEProject/Content/Effects/Misc/Textures/Water/T_Steam_02_Packed.ubulk" 793
"C:/Users/Work/Documents/Unreal Projects/MarsMarine_UEProject/Content/Effects/Misc/Textures/Water/T_Steam_02_Packed.uasset" 794
"C:/Users/Work/Documents/Unreal Projects/MarsMarine_UEProject/Content/Effects/Misc/Textures/Water/T_Steam_02_Packed.uexp" 795
"C:/Users/Work/Documents/Unreal Projects/MarsMarine_UEProject/Content/Effects/Misc/Materials/Smoke/M_MuzzleSmokeDetail_GPU.uasset" 796
"C:/Users/Work/Documents/Unreal Projects/MarsMarine_UEProject/Content/Effects/Misc/Materials/Smoke/M_MuzzleSmokeDetail_GPU.uexp" 797
"C:/Users/Work/Documents/Unreal Projects/MarsMarine_UEProject/Content/Effects/Weapons/Impacts/P_AssaultRifle_IH.uasset" 798
"C:/Users/Work/Documents/Unreal Projects/MarsMarine_UEProject/Content/Effects/Weapons/Impacts/P_AssaultRifle_IH.uexp" 799
"C:/Users/Work/Documents/Unreal Projects/MarsMarine_UEProject/Content/Weapons/Rifle_Skeleton.uasset" 800
"C:/Users/Work/Documents/Unreal Projects/MarsMarine_UEProject/Content/Weapons/Rifle_Skeleton.uexp" 801
"C:/Users/Work/Documents/Unreal Projects/MarsMarine_UEProject/Content/Weapons/MaterialLayers/T_Rubber.ubulk" 802
"C:/Users/Work/Documents/Unreal Projects/MarsMarine_UEProject/Content/Weapons/MaterialLayers/T_Rubber.uasset" 803
"C:/Users/Work/Documents/Unreal Projects/MarsMarine_UEProject/Content/Weapons/MaterialLayers/T_Rubber.uexp" 804
"C:/Users/Work/Documents/Unreal Projects/MarsMarine_UEProject/Content/Weapons/MaterialLayers/ML_Rubber.uasset" 805
"C:/Users/Work/Documents/Unreal Projects/MarsMarine_UEProject/Content/Weapons/MaterialLayers/ML_Rubber.uexp" 806
"C:/Users/Work/Documents/Unreal Projects/MarsMarine_UEProject/Content/Weapons/MaterialLayers/T_PaintedMetal01_N.ubulk" 807
"C:/Users/Work/Documents/Unreal Projects/MarsMarine_UEProject/Content/Weapons/MaterialLayers/T_PaintedMetal01_N.uasset" 808
"C:/Users/Work/Documents/Unreal Projects/MarsMarine_UEProject/Content/Weapons/MaterialLayers/T_PaintedMetal01_N.uexp" 809
"C:/Users/Work/Documents/Unreal Projects/MarsMarine_UEProject/Content/Weapons/MaterialLayers/T_PaintedMetal02.ubulk" 810
"C:/Users/Work/Documents/Unreal Projects/MarsMarine_UEProject/Content/Weapons/MaterialLayers/T_PaintedMetal02.uasset" 811
"C:/Users/Work/Documents/Unreal Projects/MarsMarine_UEProject/Content/Weapons/MaterialLayers/T_PaintedMetal02.uexp" 812
"C:/Users/Work/Documents/Unreal Projects/MarsMarine_UEProject/Content/Weapons/MaterialLayers/ML_Paint.uasset" 813
"C:/Users/Work/Documents/Unreal Projects/MarsMarine_UEProject/Content/Weapons/MaterialLayers/ML_Paint.uexp" 814
"../../../Engine/Content/Functions/MaterialLayerFunctions/MatLayerBlend_RoughnessOverride.uasset" 815
"../../../Engine/Content/Functions/MaterialLayerFunctions/MatLayerBlend_RoughnessOverride.uexp" 816
"../../../Engine/Content/Functions/MaterialLayerFunctions/MatLayerBlend_Decal.uasset" 817
"../../../Engine/Content/Functions/MaterialLayerFunctions/MatLayerBlend_Decal.uexp" 818
"C:/Users/Work/Documents/Unreal Projects/MarsMarine_UEProject/Content/Weapons/MaterialLayers/T_Metal_Metal02_D.ubulk" 819
"C:/Users/Work/Documents/Unreal Projects/MarsMarine_UEProject/Content/Weapons/MaterialLayers/T_Metal_Metal02_D.uasset" 820
"C:/Users/Work/Documents/Unreal Projects/MarsMarine_UEProject/Content/Weapons/MaterialLayers/T_Metal_Metal02_D.uexp" 821
"C:/Users/Work/Documents/Unreal Projects/MarsMarine_UEProject/Content/Weapons/MaterialLayers/ML_Metal_Gray.uasset" 822
"C:/Users/Work/Documents/Unreal Projects/MarsMarine_UEProject/Content/Weapons/MaterialLayers/ML_Metal_Gray.uexp" 823
"C:/Users/Work/Documents/Unreal Projects/MarsMarine_UEProject/Content/Weapons/MaterialLayers/T_ExampleLayers_Metal02_N.ubulk" 824
"C:/Users/Work/Documents/Unreal Projects/MarsMarine_UEProject/Content/Weapons/MaterialLayers/T_ExampleLayers_Metal02_N.uasset" 825
"C:/Users/Work/Documents/Unreal Projects/MarsMarine_UEProject/Content/Weapons/MaterialLayers/T_ExampleLayers_Metal02_N.uexp" 826
"C:/Users/Work/Documents/Unreal Projects/MarsMarine_UEProject/Content/Weapons/MaterialLayers/ML_Metal_Copper.uasset" 827
"C:/Users/Work/Documents/Unreal Projects/MarsMarine_UEProject/Content/Weapons/MaterialLayers/ML_Metal_Copper.uexp" 828
"C:/Users/Work/Documents/Unreal Projects/MarsMarine_UEProject/Content/Weapons/Textures/MagGun_Decals.ubulk" 829
"C:/Users/Work/Documents/Unreal Projects/MarsMarine_UEProject/Content/Weapons/Textures/MagGun_Decals.uasset" 830
"C:/Users/Work/Documents/Unreal Projects/MarsMarine_UEProject/Content/Weapons/Textures/MagGun_Decals.uexp" 831
"../../../Engine/Content/Functions/MaterialLayerFunctions/MatLayerBlend_Emissive.uasset" 832
"../../../Engine/Content/Functions/MaterialLayerFunctions/MatLayerBlend_Emissive.uexp" 833
"C:/Users/Work/Documents/Unreal Projects/MarsMarine_UEProject/Content/Weapons/MaterialLayers/ML_BoltMetal.uasset" 834
"C:/Users/Work/Documents/Unreal Projects/MarsMarine_UEProject/Content/Weapons/MaterialLayers/ML_BoltMetal.uexp" 835
"C:/Users/Work/Documents/Unreal Projects/MarsMarine_UEProject/Content/Weapons/Textures/MagGun_02_N.ubulk" 836
"C:/Users/Work/Documents/Unreal Projects/MarsMarine_UEProject/Content/Weapons/Textures/MagGun_02_N.uasset" 837
"C:/Users/Work/Documents/Unreal Projects/MarsMarine_UEProject/Content/Weapons/Textures/MagGun_02_N.uexp" 838
"C:/Users/Work/Documents/Unreal Projects/MarsMarine_UEProject/Content/Weapons/Textures/MagGun_Display_EM.ubulk" 839
"C:/Users/Work/Documents/Unreal Projects/MarsMarine_UEProject/Content/Weapons/Textures/MagGun_Display_EM.uasset" 840
"C:/Users/Work/Documents/Unreal Projects/MarsMarine_UEProject/Content/Weapons/Textures/MagGun_Display_EM.uexp" 841
"C:/Users/Work/Documents/Unreal Projects/MarsMarine_UEProject/Content/Weapons/Textures/MagGunT2_shade.ubulk" 842
"C:/Users/Work/Documents/Unreal Projects/MarsMarine_UEProject/Content/Weapons/Textures/MagGunT2_shade.uasset" 843
"C:/Users/Work/Documents/Unreal Projects/MarsMarine_UEProject/Content/Weapons/Textures/MagGunT2_shade.uexp" 844
"C:/Users/Work/Documents/Unreal Projects/MarsMarine_UEProject/Content/Weapons/Textures/MagGunT2_section.ubulk" 845
"C:/Users/Work/Documents/Unreal Projects/MarsMarine_UEProject/Content/Weapons/Textures/MagGunT2_section.uasset" 846
"C:/Users/Work/Documents/Unreal Projects/MarsMarine_UEProject/Content/Weapons/Textures/MagGunT2_section.uexp" 847
"C:/Users/Work/Documents/Unreal Projects/MarsMarine_UEProject/Content/Weapons/Materials/MagGun_MatB.uasset" 848
"C:/Users/Work/Documents/Unreal Projects/MarsMarine_UEProject/Content/Weapons/Materials/MagGun_MatB.uexp" 849
"C:/Users/Work/Documents/Unreal Projects/MarsMarine_UEProject/Content/Weapons/Materials/MagGun_MatB_Inst2.uasset" 850
"C:/Users/Work/Documents/Unreal Projects/MarsMarine_UEProject/Content/Weapons/Materials/MagGun_MatB_Inst2.uexp" 851
"C:/Users/Work/Documents/Unreal Projects/MarsMarine_UEProject/Content/Weapons/Textures/SightLens_maskA.ubulk" 852
"C:/Users/Work/Documents/Unreal Projects/MarsMarine_UEProject/Content/Weapons/Textures/SightLens_maskA.uasset" 853
"C:/Users/Work/Documents/Unreal Projects/MarsMarine_UEProject/Content/Weapons/Textures/SightLens_maskA.uexp" 854
"C:/Users/Work/Documents/Unreal Projects/MarsMarine_UEProject/Content/Weapons/Textures/SightLens_maskB.ubulk" 855
"C:/Users/Work/Documents/Unreal Projects/MarsMarine_UEProject/Content/Weapons/Textures/SightLens_maskB.uasset" 856
"C:/Users/Work/Documents/Unreal Projects/MarsMarine_UEProject/Content/Weapons/Textures/SightLens_maskB.uexp" 857
"C:/Users/Work/Documents/Unreal Projects/MarsMarine_UEProject/Content/Characters/Marine/Textures/holo_layer_1_5.ubulk" 858
"C:/Users/Work/Documents/Unreal Projects/MarsMarine_UEProject/Content/Characters/Marine/Textures/holo_layer_1_5.uasset" 859
"C:/Users/Work/Documents/Unreal Projects/MarsMarine_UEProject/Content/Characters/Marine/Textures/holo_layer_1_5.uexp" 860
"C:/Users/Work/Documents/Unreal Projects/MarsMarine_UEProject/Content/Weapons/Materials/MagGun_SightLens_Mat.uasset" 861
"C:/Users/Work/Documents/Unreal Projects/MarsMarine_UEProject/Content/Weapons/Materials/MagGun_SightLens_Mat.uexp" 862
"C:/Users/Work/Documents/Unreal Projects/MarsMarine_UEProject/Content/Weapons/Materials/MagGun_SightLens_Mat_Inst.uasset" 863
"C:/Users/Work/Documents/Unreal Projects/MarsMarine_UEProject/Content/Weapons/Materials/MagGun_SightLens_Mat_Inst.uexp" 864
"C:/Users/Work/Documents/Unreal Projects/MarsMarine_UEProject/Content/Weapons/Textures/MagGun_01_N.ubulk" 865
"C:/Users/Work/Documents/Unreal Projects/MarsMarine_UEProject/Content/Weapons/Textures/MagGun_01_N.uasset" 866
"C:/Users/Work/Documents/Unreal Projects/MarsMarine_UEProject/Content/Weapons/Textures/MagGun_01_N.uexp" 867
"C:/Users/Work/Documents/Unreal Projects/MarsMarine_UEProject/Content/Weapons/Textures/MagGunT1_shade.ubulk" 868
"C:/Users/Work/Documents/Unreal Projects/MarsMarine_UEProject/Content/Weapons/Textures/MagGunT1_shade.uasset" 869
"C:/Users/Work/Documents/Unreal Projects/MarsMarine_UEProject/Content/Weapons/Textures/MagGunT1_shade.uexp" 870
"C:/Users/Work/Documents/Unreal Projects/MarsMarine_UEProject/Content/Weapons/Textures/MagGunT1_section.ubulk" 871
"C:/Users/Work/Documents/Unreal Projects/MarsMarine_UEProject/Content/Weapons/Textures/MagGunT1_section.uasset" 872
"C:/Users/Work/Documents/Unreal Projects/MarsMarine_UEProject/Content/Weapons/Textures/MagGunT1_section.uexp" 873
"C:/Users/Work/Documents/Unreal Projects/MarsMarine_UEProject/Content/Weapons/Materials/MagGun_MatA.uasset" 874
"C:/Users/Work/Documents/Unreal Projects/MarsMarine_UEProject/Content/Weapons/Materials/MagGun_MatA.uexp" 875
"C:/Users/Work/Documents/Unreal Projects/MarsMarine_UEProject/Content/Weapons/Materials/MagGun_MatA_Inst3.uasset" 876
"C:/Users/Work/Documents/Unreal Projects/MarsMarine_UEProject/Content/Weapons/Materials/MagGun_MatA_Inst3.uexp" 877
"C:/Users/Work/Documents/Unreal Projects/MarsMarine_UEProject/Content/Weapons/Rifle.uasset" 878
"C:/Users/Work/Documents/Unreal Projects/MarsMarine_UEProject/Content/Weapons/Rifle.uexp" 879
"C:/Users/Work/Documents/Unreal Projects/MarsMarine_UEProject/Content/Characters/Marine/Materials/MI_MarineInstance.uasset" 880
"C:/Users/Work/Documents/Unreal Projects/MarsMarine_UEProject/Content/Characters/Marine/Materials/MI_MarineInstance.uexp" 881
"C:/Users/Work/Documents/Unreal Projects/MarsMarine_UEProject/Content/Blueprints/Pawns/BP_MarineCharacter.uasset" 882
"C:/Users/Work/Documents/Unreal Projects/MarsMarine_UEProject/Content/Blueprints/Pawns/BP_MarineCharacter.uexp" 883
"C:/Users/Work/Documents/Unreal Projects/MarsMarine_UEProject/Content/Blueprints/Volumes/BP_MissionAreaVolume.uasset" 884
"C:/Users/Work/Documents/Unreal Projects/MarsMarine_UEProject/Content/Blueprints/Volumes/BP_MissionAreaVolume.uexp" 885
"../../../Engine/Content/EngineMaterials/DefaultPhysicalMaterial.uasset" 886
"../../../Engine/Content/EngineMaterials/DefaultPhysicalMaterial.uexp" 887
"C:/Users/Work/Documents/Unreal Projects/MarsMarine_UEProject/Content/Levels/Mars_BuiltData.ubulk" 888
"C:/Users/Work/Documents/Unreal Projects/MarsMarine_UEProject/Content/Levels/Mars_BuiltData.uasset" 889
"C:/Users/Work/Documents/Unreal Projects/MarsMarine_UEProject/Content/Levels/Mars_BuiltData.uexp" 890
"C:/Users/Work/Documents/Unreal Projects/MarsMarine_UEProject/Content/Effects/Misc/Meshes/General/S_Sphere.uasset" 891
"C:/Users/Work/Documents/Unreal Projects/MarsMarine_UEProject/Content/Effects/Misc/Meshes/General/S_Sphere.uexp" 892
"C:/Users/Work/Documents/Unreal Projects/MarsMarine_UEProject/Content/Effects/Misc/Materials/Gameplay/Pickups/M_PickUp_Master.uasset" 893
"C:/Users/Work/Documents/Unreal Projects/MarsMarine_UEProject/Content/Effects/Misc/Materials/Gameplay/Pickups/M_PickUp_Master.uexp" 894
"C:/Users/Work/Documents/Unreal Projects/MarsMarine_UEProject/Content/Effects/Misc/Meshes/Gameplay/Pickups/SM_Health.uasset" 895
"C:/Users/Work/Documents/Unreal Projects/MarsMarine_UEProject/Content/Effects/Misc/Meshes/Gameplay/Pickups/SM_Health.uexp" 896
"C:/Users/Work/Documents/Unreal Projects/MarsMarine_UEProject/Content/Effects/Pick-ups/P_Health.uasset" 897
"C:/Users/Work/Documents/Unreal Projects/MarsMarine_UEProject/Content/Effects/Pick-ups/P_Health.uexp" 898
"C:/Users/Work/Documents/Unreal Projects/MarsMarine_UEProject/Content/Blueprints/PickUps/BP_HealthPickup.uasset" 899
"C:/Users/Work/Documents/Unreal Projects/MarsMarine_UEProject/Content/Blueprints/PickUps/BP_HealthPickup.uexp" 900
"C:/Users/Work/Documents/Unreal Projects/MarsMarine_UEProject/Content/Levels/Mars.uexp" 901
"C:/Users/Work/Documents/Unreal Projects/MarsMarine_UEProject/Content/Levels/Mars.ubulk" 902
"C:/Users/Work/Documents/Unreal Projects/MarsMarine_UEProject/Content/Levels/Mars.umap" 903
"C:/Users/Work/Documents/Unreal Projects/MarsMarine_UEProject/Content/UI/Images/202201311310-main.uasset" 904
"C:/Users/Work/Documents/Unreal Projects/MarsMarine_UEProject/Content/UI/Images/202201311310-main.uexp" 905
"C:/Users/Work/Documents/Unreal Projects/MarsMarine_UEProject/Content/UI/MainMenuUI.uasset" 906
"C:/Users/Work/Documents/Unreal Projects/MarsMarine_UEProject/Content/UI/MainMenuUI.uexp" 907
"C:/Users/Work/Documents/Unreal Projects/MarsMarine_UEProject/Content/Levels/MainMenu.uexp" 908
"C:/Users/Work/Documents/Unreal Projects/MarsMarine_UEProject/Content/Levels/MainMenu.umap" 909
